{"err":"ruta inexistente","level":"warn","metodo":{"get":true},"ruta":"/logouthgrw","timestamp":"2023-02-06T07:34:22.289Z"}
{"err":"ruta inexistente","level":"warn","metodo":{"get":true},"ruta":"/infoConLog","timestamp":"2023-02-07T03:06:21.405Z"}
{"err":"ruta inexistente","level":"warn","metodo":{"get":true},"ruta":"/","timestamp":"2023-02-07T03:06:29.189Z"}
{"err":"ruta inexistente","level":"warn","metodo":{"get":true},"ruta":"/","timestamp":"2023-02-07T03:06:33.286Z"}
{"err":"ruta inexistente","level":"warn","metodo":{"get":true},"ruta":"/","timestamp":"2023-02-07T03:06:47.191Z"}
{"err":"ruta inexistente","level":"warn","metodo":{"get":true},"ruta":"/","timestamp":"2023-02-07T03:06:56.656Z"}
{"err":"ruta inexistente","level":"warn","metodo":{"get":true},"ruta":"/","timestamp":"2023-02-07T03:07:10.380Z"}
{"err":"ruta inexistente","level":"warn","metodo":{"get":true},"ruta":"/","timestamp":"2023-02-07T03:07:12.835Z"}
{"err":"ruta inexistente","level":"warn","metodo":{"get":true},"ruta":"/","timestamp":"2023-02-07T03:07:15.548Z"}
{"err":"ruta inexistente","level":"warn","metodo":{"get":true},"ruta":"/","timestamp":"2023-02-07T03:07:24.875Z"}
{"err":"ruta inexistente","level":"warn","metodo":{"get":true},"ruta":"/","timestamp":"2023-02-07T03:07:27.575Z"}
{"err":"ruta inexistente","level":"warn","metodo":{"get":true},"ruta":"/","timestamp":"2023-02-07T03:07:58.075Z"}
{"err":"ruta inexistente","level":"warn","metodo":{"get":true},"ruta":"/","timestamp":"2023-02-07T03:08:01.956Z"}
{"err":"ruta inexistente","level":"warn","metodo":{"get":true},"ruta":"/papadopulus","timestamp":"2023-02-07T03:08:58.727Z"}
{"err":"ruta inexistente","level":"warn","metodo":{"get":true},"ruta":"/function%20postLoguear(req,%20res)%20%7B%0D%0A%20%20try%20%7B%0D%0A%20%20%20%20logger.log(%22info%22,%20%7B%20ruta:%20req.originalUrl,%20metodo:%20req.route.methods%20%7D);%0D%0A%20%20%20%20return%20res.render(%22pages/index%22,%20%7B%20sessionE:%20true,%20userE:%20user.email%20%7D);%0D%0A%20%20%7D%20catch%20(err)%20%7B%0D%0A%20%20%20%20logger.log(%22error%22,%20%60$%7Berr%7D%60);%0D%0A%20%20%7D%0D%0A%7D","timestamp":"2023-02-07T03:18:42.629Z"}
{"err":"ruta inexistente","level":"warn","metodo":{"get":true},"ruta":"/function%20postLoguear(req,%20res)%20%7B%0D%0A%20%20try%20%7B%0D%0A%20%20%20%20logger.log(%22info%22,%20%7B%20ruta:%20req.originalUrl,%20metodo:%20req.route.methods%20%7D);%0D%0A%20%20%20%20return%20res.render(%22pages/index%22,%20%7B%20sessionE:%20true,%20userE:%20user.email%20%7D);%0D%0A%20%20%7D%20catch%20(err)%20%7B%0D%0A%20%20%20%20logger.log(%22error%22,%20%60$%7Berr%7D%60);%0D%0A%20%20%7D%0D%0A%7D","timestamp":"2023-02-07T03:18:59.510Z"}
{"err":"ruta inexistente","level":"warn","metodo":{"get":true},"ruta":"/function%20postLoguear(req,%20res)%20%7B%0D%0A%20%20try%20%7B%0D%0A%20%20%20%20logger.log(%22info%22,%20%7B%20ruta:%20req.originalUrl,%20metodo:%20req.route.methods%20%7D);%0D%0A%20%20%20%20return%20res.render(%22pages/index%22,%20%7B%20sessionE:%20true,%20userE:%20user.email%20%7D);%0D%0A%20%20%7D%20catch%20(err)%20%7B%0D%0A%20%20%20%20logger.log(%22error%22,%20%60$%7Berr%7D%60);%0D%0A%20%20%7D%0D%0A%7D","timestamp":"2023-02-07T03:19:15.497Z"}
{"err":"ruta inexistente","level":"warn","metodo":{"get":true},"ruta":"/function%20postLoguear(req,%20res)%20%7B%0D%0A%20%20try%20%7B%0D%0A%20%20%20%20logger.log(%22info%22,%20%7B%20ruta:%20req.originalUrl,%20metodo:%20req.route.methods%20%7D);%0D%0A%20%20%20%20return%20res.render(%22pages/index%22,%20%7B%20sessionE:%20true,%20userE:%20user.email%20%7D);%0D%0A%20%20%7D%20catch%20(err)%20%7B%0D%0A%20%20%20%20logger.log(%22error%22,%20%60$%7Berr%7D%60);%0D%0A%20%20%7D%0D%0A%7D","timestamp":"2023-02-07T03:29:08.876Z"}
{"err":"ruta inexistente","level":"warn","metodo":{"get":true},"ruta":"/function%20postLoguear(req,%20res)%20%7B%0D%0A%20%20try%20%7B%0D%0A%20%20%20%20logger.log(%22info%22,%20%7B%20ruta:%20req.originalUrl,%20metodo:%20req.route.methods%20%7D);%0D%0A%20%20%20%20return%20res.render(%22pages/index%22,%20%7B%20sessionE:%20true,%20userE:%20user.email%20%7D);%0D%0A%20%20%7D%20catch%20(err)%20%7B%0D%0A%20%20%20%20logger.log(%22error%22,%20%60$%7Berr%7D%60);%0D%0A%20%20%7D%0D%0A%7D","timestamp":"2023-02-07T03:29:25.997Z"}
{"err":"ruta inexistente","level":"warn","metodo":{"get":true},"ruta":"/function%20postLoguear(req,%20res)%20%7B%0D%0A%20%20try%20%7B%0D%0A%20%20%20%20logger.log(%22info%22,%20%7B%20ruta:%20req.originalUrl,%20metodo:%20req.route.methods%20%7D);%0D%0A%20%20%20%20return%20res.render(%22pages/index%22,%20%7B%20sessionE:%20true,%20userE:%20user.email%20%7D);%0D%0A%20%20%7D%20catch%20(err)%20%7B%0D%0A%20%20%20%20logger.log(%22error%22,%20%60$%7Berr%7D%60);%0D%0A%20%20%7D%0D%0A%7D","timestamp":"2023-02-07T03:29:44.016Z"}
{"err":"ruta inexistente","level":"warn","metodo":{"get":true},"ruta":"/function%20postLoguear(req,%20res)%20%7B%0D%0A%20%20try%20%7B%0D%0A%20%20%20%20logger.log(%22info%22,%20%7B%20ruta:%20req.originalUrl,%20metodo:%20req.route.methods%20%7D);%0D%0A%20%20%20%20return%20res.render(%22pages/index%22,%20%7B%20sessionE:%20true,%20userE:%20user.email%20%7D);%0D%0A%20%20%7D%20catch%20(err)%20%7B%0D%0A%20%20%20%20logger.log(%22error%22,%20%60$%7Berr%7D%60);%0D%0A%20%20%7D%0D%0A%7D","timestamp":"2023-02-07T03:30:00.568Z"}
{"err":"ruta inexistente","level":"warn","metodo":{"get":true},"ruta":"/function%20postLoguear(req,%20res)%20%7B%0D%0A%20%20try%20%7B%0D%0A%20%20%20%20logger.log(%22info%22,%20%7B%20ruta:%20req.originalUrl,%20metodo:%20req.route.methods%20%7D);%0D%0A%20%20%20%20return%20res.render(%22pages/index%22,%20%7B%20sessionE:%20true,%20userE:%20user.email%20%7D);%0D%0A%20%20%7D%20catch%20(err)%20%7B%0D%0A%20%20%20%20logger.log(%22error%22,%20%60$%7Berr%7D%60);%0D%0A%20%20%7D%0D%0A%7D","timestamp":"2023-02-07T03:30:10.086Z"}
{"err":"ruta inexistente","level":"warn","metodo":{"get":true},"ruta":"/favicon.ico","timestamp":"2023-02-08T02:10:53.478Z"}
{"err":"ruta inexistente","level":"warn","metodo":{"get":true},"ruta":"/favicon.ico","timestamp":"2023-02-08T02:11:18.875Z"}
{"err":"ruta inexistente","level":"warn","metodo":{"get":true},"ruta":"/favicon.ico","timestamp":"2023-02-08T02:11:43.663Z"}
{"err":"ruta inexistente","level":"warn","metodo":{"get":true},"ruta":"/favicon.ico","timestamp":"2023-02-08T02:12:54.043Z"}
{"err":"ruta inexistente","level":"warn","metodo":{"get":true},"ruta":"/favicon.ico","timestamp":"2023-02-08T07:41:42.888Z"}
{"err":"ruta inexistente","level":"warn","metodo":{"get":true},"ruta":"/favicon.ico","timestamp":"2023-02-08T07:41:49.032Z"}
{"err":"ruta inexistente","level":"warn","metodo":{"get":true},"ruta":"/favicon.ico","timestamp":"2023-02-08T07:42:11.052Z"}
{"err":"ruta inexistente","level":"warn","metodo":{"get":true},"ruta":"/favicon.ico","timestamp":"2023-02-08T07:42:18.901Z"}
{"err":"ruta inexistente","level":"warn","metodo":{"get":true},"ruta":"/favicon.ico","timestamp":"2023-02-08T07:42:41.710Z"}
{"err":"ruta inexistente","level":"warn","metodo":{"get":true},"ruta":"/favicon.ico","timestamp":"2023-02-08T07:44:19.263Z"}
{"err":"ruta inexistente","level":"warn","metodo":{"get":true},"ruta":"/favicon.ico","timestamp":"2023-02-08T07:44:26.009Z"}
{"err":"ruta inexistente","level":"warn","metodo":{"get":true},"ruta":"/favicon.ico","timestamp":"2023-02-08T07:44:51.715Z"}
{"err":"ruta inexistente","level":"warn","metodo":{"get":true},"ruta":"/favicon.ico","timestamp":"2023-02-08T07:45:11.288Z"}
{"err":"ruta inexistente","level":"warn","metodo":{"get":true},"ruta":"/favicon.ico","timestamp":"2023-02-08T07:45:15.158Z"}
{"err":"ruta inexistente","level":"warn","metodo":{"get":true},"ruta":"/favicon.ico","timestamp":"2023-02-08T07:45:40.856Z"}
{"err":"ruta inexistente","level":"warn","metodo":{"get":true},"ruta":"/favicon.ico","timestamp":"2023-02-08T07:45:48.513Z"}
{"err":"ruta inexistente","level":"warn","metodo":{"get":true},"ruta":"/favicon.ico","timestamp":"2023-02-08T07:46:18.751Z"}
{"err":"ruta inexistente","level":"warn","metodo":{"get":true},"ruta":"/favicon.ico","timestamp":"2023-02-08T07:46:36.459Z"}
{"err":"ruta inexistente","level":"warn","metodo":{"get":true},"ruta":"/favicon.ico","timestamp":"2023-02-08T07:46:59.814Z"}
{"err":"ruta inexistente","level":"warn","metodo":{"get":true},"ruta":"/favicon.ico","timestamp":"2023-02-08T07:51:04.641Z"}
{"err":"ruta inexistente","level":"warn","metodo":{"get":true},"ruta":"/favicon.ico","timestamp":"2023-02-08T08:17:43.832Z"}
{"err":"ruta inexistente","level":"warn","metodo":{"get":true},"ruta":"/favicon.ico","timestamp":"2023-02-08T08:17:45.982Z"}
{"err":"ruta inexistente","level":"warn","metodo":{"get":true},"ruta":"/favicon.ico","timestamp":"2023-02-08T08:19:05.638Z"}
{"err":"ruta inexistente","level":"warn","metodo":{"get":true},"ruta":"/favicon.ico","timestamp":"2023-02-08T08:20:19.895Z"}
{"err":"ruta inexistente","level":"warn","metodo":{"get":true},"ruta":"/favicon.ico","timestamp":"2023-02-08T08:20:26.136Z"}
{"err":"ruta inexistente","level":"warn","metodo":{"get":true},"ruta":"/favicon.ico","timestamp":"2023-02-08T08:20:39.243Z"}
{"err":"ruta inexistente","level":"warn","metodo":{"get":true},"ruta":"/favicon.ico","timestamp":"2023-02-08T08:21:13.441Z"}
{"err":"ruta inexistente","level":"warn","metodo":{"get":true},"ruta":"/favicon.ico","timestamp":"2023-02-15T05:39:44.731Z"}
{"err":"ruta inexistente","level":"warn","metodo":{"get":true},"ruta":"/favicon.ico","timestamp":"2023-02-15T05:40:06.066Z"}
{"err":"ruta inexistente","level":"warn","metodo":{"get":true},"ruta":"/favicon.ico","timestamp":"2023-02-15T05:42:03.565Z"}
{"err":"ruta inexistente","level":"warn","metodo":{"get":true},"ruta":"/favicon.ico","timestamp":"2023-02-15T05:42:42.921Z"}
{"err":"ruta inexistente","level":"warn","metodo":{"get":true},"ruta":"/favicon.ico","timestamp":"2023-02-15T05:42:52.890Z"}
{"err":"ruta inexistente","level":"warn","metodo":{"get":true},"ruta":"/favicon.ico","timestamp":"2023-02-15T05:43:09.015Z"}
{"err":"ruta inexistente","level":"warn","metodo":{"get":true},"ruta":"/favicon.ico","timestamp":"2023-02-15T05:43:11.081Z"}
{"err":"ruta inexistente","level":"warn","metodo":{"get":true},"ruta":"/favicon.ico","timestamp":"2023-02-15T05:43:19.036Z"}
{"err":"ruta inexistente","level":"warn","metodo":{"get":true},"ruta":"/favicon.ico","timestamp":"2023-02-15T05:43:50.211Z"}
{"err":"ruta inexistente","level":"warn","metodo":{"get":true},"ruta":"/favicon.ico","timestamp":"2023-02-15T05:44:00.183Z"}
{"err":"ruta inexistente","level":"warn","metodo":{"get":true},"ruta":"/favicon.ico","timestamp":"2023-02-15T05:44:02.536Z"}
{"err":"ruta inexistente","level":"warn","metodo":{"get":true},"ruta":"/favicon.ico","timestamp":"2023-02-15T05:44:05.914Z"}
{"err":"ruta inexistente","level":"warn","metodo":{"get":true},"ruta":"/favicon.ico","timestamp":"2023-02-15T05:44:31.719Z"}
{"err":"ruta inexistente","level":"warn","metodo":{"get":true},"ruta":"/favicon.ico","timestamp":"2023-02-15T05:44:55.921Z"}
{"err":"ruta inexistente","level":"warn","metodo":{"get":true},"ruta":"/favicon.ico","timestamp":"2023-02-15T05:44:59.248Z"}
{"err":"ruta inexistente","level":"warn","metodo":{"get":true},"ruta":"/favicon.ico","timestamp":"2023-02-15T05:45:56.831Z"}
{"err":"ruta inexistente","level":"warn","metodo":{"get":true},"ruta":"/favicon.ico","timestamp":"2023-02-15T05:45:59.390Z"}
{"err":"ruta inexistente","level":"warn","metodo":{"get":true},"ruta":"/favicon.ico","timestamp":"2023-02-15T05:46:01.592Z"}
{"err":"ruta inexistente","level":"warn","metodo":{"get":true},"ruta":"/favicon.ico","timestamp":"2023-02-15T05:46:03.265Z"}
{"err":"ruta inexistente","level":"warn","metodo":{"get":true},"ruta":"/favicon.ico","timestamp":"2023-02-15T05:46:05.907Z"}
{"err":"ruta inexistente","level":"warn","metodo":{"get":true},"ruta":"/favicon.ico","timestamp":"2023-02-15T05:46:36.483Z"}
{"err":"ruta inexistente","level":"warn","metodo":{"get":true},"ruta":"/favicon.ico","timestamp":"2023-02-15T05:46:39.181Z"}
{"err":"ruta inexistente","level":"warn","metodo":{"get":true},"ruta":"/favicon.ico","timestamp":"2023-02-15T05:46:48.300Z"}
{"err":"ruta inexistente","level":"warn","metodo":{"get":true},"ruta":"/favicon.ico","timestamp":"2023-02-15T05:46:57.811Z"}
{"err":"ruta inexistente","level":"warn","metodo":{"get":true},"ruta":"/favicon.ico","timestamp":"2023-02-15T05:46:59.484Z"}
{"err":"ruta inexistente","level":"warn","metodo":{"get":true},"ruta":"/favicon.ico","timestamp":"2023-02-15T05:47:22.179Z"}
{"err":"ruta inexistente","level":"warn","metodo":{"get":true},"ruta":"/favicon.ico","timestamp":"2023-02-15T05:47:24.578Z"}
{"err":"ruta inexistente","level":"warn","metodo":{"get":true},"ruta":"/favicon.ico","timestamp":"2023-02-15T05:47:25.730Z"}
{"err":"ruta inexistente","level":"warn","metodo":{"get":true},"ruta":"/favicon.ico","timestamp":"2023-02-15T05:47:26.291Z"}
{"err":"ruta inexistente","level":"warn","metodo":{"get":true},"ruta":"/favicon.ico","timestamp":"2023-02-15T05:47:27.586Z"}
{"err":"ruta inexistente","level":"warn","metodo":{"get":true},"ruta":"/favicon.ico","timestamp":"2023-02-15T05:47:48.393Z"}
{"err":"ruta inexistente","level":"warn","metodo":{"get":true},"ruta":"/favicon.ico","timestamp":"2023-02-15T05:47:50.914Z"}
{"err":"ruta inexistente","level":"warn","metodo":{"get":true},"ruta":"/public/estilos.css","timestamp":"2023-02-15T05:48:14.993Z"}
{"err":"ruta inexistente","level":"warn","metodo":{"get":true},"ruta":"/public/estilos.css","timestamp":"2023-02-15T05:48:19.114Z"}
{"err":"ruta inexistente","level":"warn","metodo":{"get":true},"ruta":"/favicon.ico","timestamp":"2023-02-15T05:48:31.547Z"}
{"err":"ruta inexistente","level":"warn","metodo":{"get":true},"ruta":"/public/estilos.css","timestamp":"2023-02-15T05:48:32.348Z"}
{"err":"ruta inexistente","level":"warn","metodo":{"get":true},"ruta":"/public/estilos.css","timestamp":"2023-02-15T05:48:33.711Z"}
{"err":"ruta inexistente","level":"warn","metodo":{"get":true},"ruta":"/public/estilos.css","timestamp":"2023-02-15T05:48:54.455Z"}
{"err":"ruta inexistente","level":"warn","metodo":{"get":true},"ruta":"/public/estilos.css","timestamp":"2023-02-15T05:49:06.039Z"}
{"err":"ruta inexistente","level":"warn","metodo":{"get":true},"ruta":"/favicon.ico","timestamp":"2023-02-15T05:49:07.282Z"}
{"err":"ruta inexistente","level":"warn","metodo":{"get":true},"ruta":"/public/estilos.css","timestamp":"2023-02-15T05:49:08.324Z"}
{"err":"ruta inexistente","level":"warn","metodo":{"get":true},"ruta":"/public/estilos.css","timestamp":"2023-02-15T05:49:09.498Z"}
{"err":"ruta inexistente","level":"warn","metodo":{"get":true},"ruta":"/public/estilos.css","timestamp":"2023-02-15T05:49:13.531Z"}
{"err":"ruta inexistente","level":"warn","metodo":{"get":true},"ruta":"/public/estilos.css","timestamp":"2023-02-15T05:49:23.242Z"}
{"err":"ruta inexistente","level":"warn","metodo":{"get":true},"ruta":"/public/estilos.css","timestamp":"2023-02-15T05:49:41.193Z"}
{"err":"ruta inexistente","level":"warn","metodo":{"get":true},"ruta":"/public/estilos.css","timestamp":"2023-02-15T05:49:44.704Z"}
{"err":"ruta inexistente","level":"warn","metodo":{"get":true},"ruta":"/favicon.ico","timestamp":"2023-02-15T05:49:59.733Z"}
{"err":"ruta inexistente","level":"warn","metodo":{"get":true},"ruta":"/favicon.ico","timestamp":"2023-02-15T05:50:25.374Z"}
{"err":"ruta inexistente","level":"warn","metodo":{"get":true},"ruta":"/public/estilos.css","timestamp":"2023-02-15T05:50:52.100Z"}
{"err":"ruta inexistente","level":"warn","metodo":{"get":true},"ruta":"/public/estilos.css","timestamp":"2023-02-15T05:51:23.848Z"}
{"err":"ruta inexistente","level":"warn","metodo":{"get":true},"ruta":"/public/estilos.css","timestamp":"2023-02-15T05:51:27.088Z"}
{"err":"ruta inexistente","level":"warn","metodo":{"get":true},"ruta":"/public/estilos.css","timestamp":"2023-02-15T05:51:42.490Z"}
{"err":"ruta inexistente","level":"warn","metodo":{"get":true},"ruta":"/public/estilos.css","timestamp":"2023-02-15T05:51:45.360Z"}
{"err":"ruta inexistente","level":"warn","metodo":{"get":true},"ruta":"/public/estilos.css","timestamp":"2023-02-15T05:52:46.507Z"}
{"err":"ruta inexistente","level":"warn","metodo":{"get":true},"ruta":"/public/estilos.css","timestamp":"2023-02-15T05:52:49.756Z"}
{"err":"ruta inexistente","level":"warn","metodo":{"get":true},"ruta":"/favicon.ico","timestamp":"2023-02-15T05:53:01.861Z"}
{"err":"ruta inexistente","level":"warn","metodo":{"get":true},"ruta":"/favicon.ico","timestamp":"2023-02-15T05:53:03.255Z"}
{"err":"ruta inexistente","level":"warn","metodo":{"get":true},"ruta":"/favicon.ico","timestamp":"2023-02-15T05:53:11.458Z"}
{"err":"ruta inexistente","level":"warn","metodo":{"get":true},"ruta":"/favicon.ico","timestamp":"2023-02-15T05:53:14.285Z"}
{"err":"ruta inexistente","level":"warn","metodo":{"get":true},"ruta":"/favicon.ico","timestamp":"2023-02-15T05:53:15.547Z"}
{"err":"ruta inexistente","level":"warn","metodo":{"get":true},"ruta":"/favicon.ico","timestamp":"2023-02-15T05:53:21.984Z"}
{"err":"ruta inexistente","level":"warn","metodo":{"get":true},"ruta":"/favicon.ico","timestamp":"2023-02-15T05:53:49.148Z"}
{"err":"ruta inexistente","level":"warn","metodo":{"get":true},"ruta":"/favicon.ico","timestamp":"2023-02-15T05:54:05.101Z"}
{"err":"ruta inexistente","level":"warn","metodo":{"get":true},"ruta":"/favicon.ico","timestamp":"2023-02-15T05:56:06.306Z"}
{"err":"ruta inexistente","level":"warn","metodo":{"get":true},"ruta":"/favicon.ico","timestamp":"2023-02-15T05:56:56.439Z"}
{"err":"ruta inexistente","level":"warn","metodo":{"get":true},"ruta":"/favicon.ico","timestamp":"2023-02-15T05:57:46.903Z"}
{"err":"ruta inexistente","level":"warn","metodo":{"get":true},"ruta":"/favicon.ico","timestamp":"2023-02-15T05:57:58.618Z"}
{"err":"ruta inexistente","level":"warn","metodo":{"get":true},"ruta":"/favicon.ico","timestamp":"2023-02-15T05:58:01.963Z"}
{"err":"ruta inexistente","level":"warn","metodo":{"get":true},"ruta":"/favicon.ico","timestamp":"2023-02-15T05:58:11.433Z"}
{"err":"ruta inexistente","level":"warn","metodo":{"get":true},"ruta":"/favicon.ico","timestamp":"2023-02-15T05:58:27.422Z"}
{"err":"ruta inexistente","level":"warn","metodo":{"get":true},"ruta":"/favicon.ico","timestamp":"2023-02-15T05:58:33.635Z"}
{"err":"ruta inexistente","level":"warn","metodo":{"get":true},"ruta":"/favicon.ico","timestamp":"2023-02-15T05:58:44.404Z"}
{"err":"ruta inexistente","level":"warn","metodo":{"get":true},"ruta":"/favicon.ico","timestamp":"2023-02-15T05:58:52.992Z"}
{"err":"ruta inexistente","level":"warn","metodo":{"get":true},"ruta":"/favicon.ico","timestamp":"2023-02-15T05:59:04.611Z"}
{"err":"ruta inexistente","level":"warn","metodo":{"get":true},"ruta":"/favicon.ico","timestamp":"2023-02-15T05:59:05.908Z"}
{"err":"ruta inexistente","level":"warn","metodo":{"get":true},"ruta":"/favicon.ico","timestamp":"2023-02-15T05:59:39.472Z"}
{"err":"ruta inexistente","level":"warn","metodo":{"get":true},"ruta":"/favicon.ico","timestamp":"2023-02-15T05:59:46.953Z"}
{"err":"ruta inexistente","level":"warn","metodo":{"get":true},"ruta":"/favicon.ico","timestamp":"2023-02-15T05:59:55.864Z"}
{"err":"ruta inexistente","level":"warn","metodo":{"get":true},"ruta":"/favicon.ico","timestamp":"2023-02-15T05:59:57.157Z"}
{"err":"ruta inexistente","level":"warn","metodo":{"get":true},"ruta":"/favicon.ico","timestamp":"2023-02-15T06:00:18.104Z"}
{"err":"ruta inexistente","level":"warn","metodo":{"get":true},"ruta":"/favicon.ico","timestamp":"2023-02-15T06:00:35.458Z"}
{"err":"ruta inexistente","level":"warn","metodo":{"get":true},"ruta":"/favicon.ico","timestamp":"2023-02-15T06:01:09.625Z"}
{"err":"ruta inexistente","level":"warn","metodo":{"get":true},"ruta":"/favicon.ico","timestamp":"2023-02-15T06:01:20.181Z"}
{"err":"ruta inexistente","level":"warn","metodo":{"get":true},"ruta":"/favicon.ico","timestamp":"2023-02-15T06:01:35.715Z"}
{"err":"ruta inexistente","level":"warn","metodo":{"get":true},"ruta":"/favicon.ico","timestamp":"2023-02-15T06:02:48.074Z"}
{"err":"ruta inexistente","level":"warn","metodo":{"get":true},"ruta":"/favicon.ico","timestamp":"2023-02-15T06:03:09.048Z"}
{"err":"ruta inexistente","level":"warn","metodo":{"get":true},"ruta":"/favicon.ico","timestamp":"2023-02-15T06:03:24.572Z"}
{"err":"ruta inexistente","level":"warn","metodo":{"get":true},"ruta":"/favicon.ico","timestamp":"2023-02-15T06:03:28.703Z"}
{"err":"ruta inexistente","level":"warn","metodo":{"get":true},"ruta":"/favicon.ico","timestamp":"2023-02-15T06:03:34.968Z"}
{"err":"ruta inexistente","level":"warn","metodo":{"get":true},"ruta":"/favicon.ico","timestamp":"2023-02-15T06:03:37.156Z"}
{"err":"ruta inexistente","level":"warn","metodo":{"get":true},"ruta":"/favicon.ico","timestamp":"2023-02-15T06:04:11.996Z"}
{"err":"ruta inexistente","level":"warn","metodo":{"get":true},"ruta":"/favicon.ico","timestamp":"2023-02-15T06:04:14.204Z"}
{"err":"ruta inexistente","level":"warn","metodo":{"get":true},"ruta":"/favicon.ico","timestamp":"2023-02-15T06:04:22.864Z"}
{"err":"ruta inexistente","level":"warn","metodo":{"get":true},"ruta":"/favicon.ico","timestamp":"2023-02-15T06:04:25.173Z"}
{"err":"ruta inexistente","level":"warn","metodo":{"get":true},"ruta":"/favicon.ico","timestamp":"2023-02-15T06:04:34.444Z"}
{"err":"ruta inexistente","level":"warn","metodo":{"get":true},"ruta":"/favicon.ico","timestamp":"2023-02-15T06:04:35.386Z"}
{"err":"ruta inexistente","level":"warn","metodo":{"get":true},"ruta":"/favicon.ico","timestamp":"2023-02-15T06:04:44.710Z"}
{"err":"ruta inexistente","level":"warn","metodo":{"get":true},"ruta":"/favicon.ico","timestamp":"2023-02-15T06:04:54.577Z"}
{"err":"ruta inexistente","level":"warn","metodo":{"get":true},"ruta":"/favicon.ico","timestamp":"2023-02-15T06:04:59.575Z"}
{"err":"ruta inexistente","level":"warn","metodo":{"get":true},"ruta":"/favicon.ico","timestamp":"2023-02-15T06:05:11.446Z"}
{"err":"ruta inexistente","level":"warn","metodo":{"get":true},"ruta":"/favicon.ico","timestamp":"2023-02-15T06:09:06.394Z"}
{"err":"ruta inexistente","level":"warn","metodo":{"get":true},"ruta":"/favicon.ico","timestamp":"2023-02-15T06:09:10.651Z"}
{"err":"ruta inexistente","level":"warn","metodo":{"get":true},"ruta":"/favicon.ico","timestamp":"2023-02-15T06:09:37.186Z"}
{"err":"ruta inexistente","level":"warn","metodo":{"get":true},"ruta":"/favicon.ico","timestamp":"2023-02-15T06:09:44.093Z"}
{"err":"ruta inexistente","level":"warn","metodo":{"get":true},"ruta":"/favicon.ico","timestamp":"2023-02-15T06:09:46.113Z"}
{"err":"ruta inexistente","level":"warn","metodo":{"get":true},"ruta":"/favicon.ico","timestamp":"2023-02-15T06:10:10.337Z"}
{"err":"ruta inexistente","level":"warn","metodo":{"get":true},"ruta":"/favicon.ico","timestamp":"2023-02-15T06:10:14.751Z"}
{"err":"ruta inexistente","level":"warn","metodo":{"get":true},"ruta":"/favicon.ico","timestamp":"2023-02-15T06:10:23.091Z"}
{"err":"ruta inexistente","level":"warn","metodo":{"get":true},"ruta":"/favicon.ico","timestamp":"2023-02-15T06:10:24.265Z"}
{"err":"ruta inexistente","level":"warn","metodo":{"get":true},"ruta":"/favicon.ico","timestamp":"2023-02-15T06:11:01.890Z"}
{"err":"ruta inexistente","level":"warn","metodo":{"get":true},"ruta":"/favicon.ico","timestamp":"2023-02-15T06:11:12.935Z"}
{"err":"ruta inexistente","level":"warn","metodo":{"get":true},"ruta":"/favicon.ico","timestamp":"2023-02-15T06:11:13.984Z"}
{"err":"ruta inexistente","level":"warn","metodo":{"get":true},"ruta":"/favicon.ico","timestamp":"2023-02-15T06:11:44.250Z"}
{"err":"ruta inexistente","level":"warn","metodo":{"get":true},"ruta":"/favicon.ico","timestamp":"2023-02-15T06:11:50.191Z"}
{"err":"ruta inexistente","level":"warn","metodo":{"get":true},"ruta":"/favicon.ico","timestamp":"2023-02-15T06:12:26.917Z"}
{"err":"ruta inexistente","level":"warn","metodo":{"get":true},"ruta":"/favicon.ico","timestamp":"2023-02-15T06:12:28.383Z"}
{"err":"ruta inexistente","level":"warn","metodo":{"get":true},"ruta":"/favicon.ico","timestamp":"2023-02-15T06:12:31.435Z"}
{"err":"ruta inexistente","level":"warn","metodo":{"get":true},"ruta":"/favicon.ico","timestamp":"2023-02-15T06:12:37.242Z"}
{"err":"ruta inexistente","level":"warn","metodo":{"get":true},"ruta":"/favicon.ico","timestamp":"2023-02-15T06:12:38.546Z"}
{"err":"ruta inexistente","level":"warn","metodo":{"get":true},"ruta":"/favicon.ico","timestamp":"2023-02-15T06:12:40.233Z"}
{"err":"ruta inexistente","level":"warn","metodo":{"get":true},"ruta":"/favicon.ico","timestamp":"2023-02-15T06:12:52.630Z"}
{"err":"ruta inexistente","level":"warn","metodo":{"get":true},"ruta":"/favicon.ico","timestamp":"2023-02-15T06:12:54.099Z"}
{"err":"ruta inexistente","level":"warn","metodo":{"get":true},"ruta":"/favicon.ico","timestamp":"2023-02-15T06:12:56.661Z"}
{"err":"ruta inexistente","level":"warn","metodo":{"get":true},"ruta":"/favicon.ico","timestamp":"2023-02-15T06:13:00.212Z"}
{"err":"ruta inexistente","level":"warn","metodo":{"get":true},"ruta":"/favicon.ico","timestamp":"2023-02-15T06:13:24.255Z"}
{"err":"ruta inexistente","level":"warn","metodo":{"get":true},"ruta":"/favicon.ico","timestamp":"2023-02-15T06:16:18.907Z"}
{"err":"ruta inexistente","level":"warn","metodo":{"get":true},"ruta":"/favicon.ico","timestamp":"2023-02-15T06:16:43.106Z"}
{"err":"ruta inexistente","level":"warn","metodo":{"get":true},"ruta":"/favicon.ico","timestamp":"2023-02-15T06:16:55.827Z"}
{"err":"ruta inexistente","level":"warn","metodo":{"get":true},"ruta":"/favicon.ico","timestamp":"2023-02-15T06:16:59.726Z"}
{"err":"ruta inexistente","level":"warn","metodo":{"get":true},"ruta":"/favicon.ico","timestamp":"2023-02-15T06:17:00.881Z"}
{"err":"ruta inexistente","level":"warn","metodo":{"get":true},"ruta":"/favicon.ico","timestamp":"2023-02-15T06:17:07.469Z"}
{"err":"ruta inexistente","level":"warn","metodo":{"get":true},"ruta":"/favicon.ico","timestamp":"2023-02-15T06:17:09.987Z"}
{"err":"ruta inexistente","level":"warn","metodo":{"get":true},"ruta":"/favicon.ico","timestamp":"2023-02-15T06:18:02.557Z"}
{"err":"ruta inexistente","level":"warn","metodo":{"get":true},"ruta":"/favicon.ico","timestamp":"2023-02-15T06:18:08.384Z"}
{"err":"ruta inexistente","level":"warn","metodo":{"get":true},"ruta":"/favicon.ico","timestamp":"2023-02-15T06:18:23.508Z"}
{"err":"ruta inexistente","level":"warn","metodo":{"get":true},"ruta":"/favicon.ico","timestamp":"2023-02-15T06:19:11.446Z"}
{"err":"ruta inexistente","level":"warn","metodo":{"get":true},"ruta":"/favicon.ico","timestamp":"2023-02-15T06:19:47.411Z"}
{"err":"ruta inexistente","level":"warn","metodo":{"get":true},"ruta":"/favicon.ico","timestamp":"2023-02-15T06:20:08.563Z"}
{"err":"ruta inexistente","level":"warn","metodo":{"get":true},"ruta":"/favicon.ico","timestamp":"2023-02-15T06:20:29.166Z"}
{"err":"ruta inexistente","level":"warn","metodo":{"get":true},"ruta":"/favicon.ico","timestamp":"2023-02-15T06:20:37.535Z"}
{"err":"ruta inexistente","level":"warn","metodo":{"get":true},"ruta":"/favicon.ico","timestamp":"2023-02-15T06:21:04.044Z"}
{"err":"ruta inexistente","level":"warn","metodo":{"get":true},"ruta":"/favicon.ico","timestamp":"2023-02-15T06:21:38.848Z"}
{"err":"ruta inexistente","level":"warn","metodo":{"get":true},"ruta":"/favicon.ico","timestamp":"2023-02-15T06:21:47.770Z"}
{"err":"ruta inexistente","level":"warn","metodo":{"get":true},"ruta":"/favicon.ico","timestamp":"2023-02-15T06:21:49.127Z"}
{"err":"ruta inexistente","level":"warn","metodo":{"get":true},"ruta":"/favicon.ico","timestamp":"2023-02-15T06:22:01.431Z"}
{"err":"ruta inexistente","level":"warn","metodo":{"get":true},"ruta":"/favicon.ico","timestamp":"2023-02-15T06:22:11.720Z"}
{"err":"ruta inexistente","level":"warn","metodo":{"get":true},"ruta":"/favicon.ico","timestamp":"2023-02-15T06:23:12.402Z"}
{"err":"ruta inexistente","level":"warn","metodo":{"get":true},"ruta":"/favicon.ico","timestamp":"2023-02-15T06:23:27.206Z"}
{"err":"ruta inexistente","level":"warn","metodo":{"get":true},"ruta":"/favicon.ico","timestamp":"2023-02-15T06:23:48.201Z"}
{"err":"ruta inexistente","level":"warn","metodo":{"get":true},"ruta":"/favicon.ico","timestamp":"2023-02-15T06:24:19.626Z"}
{"err":"ruta inexistente","level":"warn","metodo":{"get":true},"ruta":"/favicon.ico","timestamp":"2023-02-15T06:24:34.868Z"}
{"err":"ruta inexistente","level":"warn","metodo":{"get":true},"ruta":"/favicon.ico","timestamp":"2023-02-15T06:24:48.411Z"}
{"err":"ruta inexistente","level":"warn","metodo":{"get":true},"ruta":"/favicon.ico","timestamp":"2023-02-15T06:24:52.613Z"}
{"err":"ruta inexistente","level":"warn","metodo":{"get":true},"ruta":"/favicon.ico","timestamp":"2023-02-15T06:24:58.454Z"}
{"err":"ruta inexistente","level":"warn","metodo":{"get":true},"ruta":"/favicon.ico","timestamp":"2023-02-15T06:25:15.434Z"}
{"err":"ruta inexistente","level":"warn","metodo":{"get":true},"ruta":"/favicon.ico","timestamp":"2023-02-15T06:25:16.634Z"}
{"err":"ruta inexistente","level":"warn","metodo":{"get":true},"ruta":"/favicon.ico","timestamp":"2023-02-15T06:25:27.028Z"}
{"err":"ruta inexistente","level":"warn","metodo":{"get":true},"ruta":"/favicon.ico","timestamp":"2023-02-15T06:25:57.023Z"}
{"err":"ruta inexistente","level":"warn","metodo":{"get":true},"ruta":"/favicon.ico","timestamp":"2023-02-15T06:26:40.526Z"}
{"err":"ruta inexistente","level":"warn","metodo":{"get":true},"ruta":"/favicon.ico","timestamp":"2023-02-15T06:26:52.802Z"}
{"err":"ruta inexistente","level":"warn","metodo":{"get":true},"ruta":"/favicon.ico","timestamp":"2023-02-15T06:27:14.977Z"}
{"err":"ruta inexistente","level":"warn","metodo":{"get":true},"ruta":"/favicon.ico","timestamp":"2023-02-15T06:32:04.929Z"}
{"err":"ruta inexistente","level":"warn","metodo":{"get":true},"ruta":"/favicon.ico","timestamp":"2023-02-15T06:32:06.147Z"}
{"err":"ruta inexistente","level":"warn","metodo":{"get":true},"ruta":"/favicon.ico","timestamp":"2023-02-15T06:33:08.031Z"}
{"err":"ruta inexistente","level":"warn","metodo":{"get":true},"ruta":"/favicon.ico","timestamp":"2023-02-15T06:33:43.558Z"}
{"err":"ruta inexistente","level":"warn","metodo":{"get":true},"ruta":"/favicon.ico","timestamp":"2023-02-15T06:34:05.647Z"}
{"err":"ruta inexistente","level":"warn","metodo":{"get":true},"ruta":"/favicon.ico","timestamp":"2023-02-15T06:34:26.428Z"}
{"err":"ruta inexistente","level":"warn","metodo":{"get":true},"ruta":"/favicon.ico","timestamp":"2023-02-15T06:34:34.899Z"}
{"err":"ruta inexistente","level":"warn","metodo":{"get":true},"ruta":"/favicon.ico","timestamp":"2023-02-15T06:35:09.778Z"}
{"err":"ruta inexistente","level":"warn","metodo":{"get":true},"ruta":"/favicon.ico","timestamp":"2023-02-15T06:35:28.163Z"}
{"err":"ruta inexistente","level":"warn","metodo":{"get":true},"ruta":"/favicon.ico","timestamp":"2023-02-15T06:35:38.361Z"}
{"err":"ruta inexistente","level":"warn","metodo":{"get":true},"ruta":"/favicon.ico","timestamp":"2023-02-15T06:36:45.688Z"}
{"err":"ruta inexistente","level":"warn","metodo":{"get":true},"ruta":"/favicon.ico","timestamp":"2023-02-15T06:37:07.017Z"}
{"err":"ruta inexistente","level":"warn","metodo":{"get":true},"ruta":"/favicon.ico","timestamp":"2023-02-15T06:37:15.089Z"}
{"err":"ruta inexistente","level":"warn","metodo":{"get":true},"ruta":"/favicon.ico","timestamp":"2023-02-15T06:37:25.815Z"}
{"err":"ruta inexistente","level":"warn","metodo":{"get":true},"ruta":"/favicon.ico","timestamp":"2023-02-15T06:37:58.648Z"}
{"err":"ruta inexistente","level":"warn","metodo":{"get":true},"ruta":"/favicon.ico","timestamp":"2023-02-15T06:38:31.638Z"}
{"err":"ruta inexistente","level":"warn","metodo":{"get":true},"ruta":"/favicon.ico","timestamp":"2023-02-15T06:38:57.999Z"}
{"err":"ruta inexistente","level":"warn","metodo":{"get":true},"ruta":"/favicon.ico","timestamp":"2023-02-15T06:39:23.466Z"}
{"err":"ruta inexistente","level":"warn","metodo":{"get":true},"ruta":"/favicon.ico","timestamp":"2023-02-15T06:39:44.639Z"}
{"err":"ruta inexistente","level":"warn","metodo":{"get":true},"ruta":"/favicon.ico","timestamp":"2023-02-15T06:39:50.606Z"}
{"err":"ruta inexistente","level":"warn","metodo":{"get":true},"ruta":"/favicon.ico","timestamp":"2023-02-15T06:39:52.157Z"}
{"err":"ruta inexistente","level":"warn","metodo":{"get":true},"ruta":"/favicon.ico","timestamp":"2023-02-15T06:40:19.250Z"}
{"err":"ruta inexistente","level":"warn","metodo":{"get":true},"ruta":"/favicon.ico","timestamp":"2023-02-15T06:40:34.947Z"}
{"err":"ruta inexistente","level":"warn","metodo":{"get":true},"ruta":"/favicon.ico","timestamp":"2023-02-15T06:42:07.386Z"}
{"err":"ruta inexistente","level":"warn","metodo":{"get":true},"ruta":"/favicon.ico","timestamp":"2023-02-15T06:42:09.501Z"}
{"err":"ruta inexistente","level":"warn","metodo":{"get":true},"ruta":"/favicon.ico","timestamp":"2023-02-15T06:42:43.986Z"}
{"err":"ruta inexistente","level":"warn","metodo":{"get":true},"ruta":"/favicon.ico","timestamp":"2023-02-15T06:42:49.274Z"}
{"err":"ruta inexistente","level":"warn","metodo":{"get":true},"ruta":"/favicon.ico","timestamp":"2023-02-15T06:43:02.258Z"}
{"err":"ruta inexistente","level":"warn","metodo":{"get":true},"ruta":"/favicon.ico","timestamp":"2023-02-15T06:43:22.911Z"}
{"err":"ruta inexistente","level":"warn","metodo":{"get":true},"ruta":"/favicon.ico","timestamp":"2023-02-15T06:43:25.986Z"}
{"err":"ruta inexistente","level":"warn","metodo":{"get":true},"ruta":"/favicon.ico","timestamp":"2023-02-15T06:45:58.686Z"}
{"err":"ruta inexistente","level":"warn","metodo":{"get":true},"ruta":"/favicon.ico","timestamp":"2023-02-15T06:46:03.410Z"}
{"err":"ruta inexistente","level":"warn","metodo":{"get":true},"ruta":"/favicon.ico","timestamp":"2023-02-15T06:46:14.939Z"}
{"err":"ruta inexistente","level":"warn","metodo":{"get":true},"ruta":"/favicon.ico","timestamp":"2023-02-15T06:46:33.317Z"}
{"err":"ruta inexistente","level":"warn","metodo":{"get":true},"ruta":"/favicon.ico","timestamp":"2023-02-17T02:03:06.925Z"}
{"err":"ruta inexistente","level":"warn","metodo":{"get":true},"ruta":"/favicon.ico","timestamp":"2023-02-17T02:03:30.384Z"}
{"err":"ruta inexistente","level":"warn","metodo":{"get":true},"ruta":"/favicon.ico","timestamp":"2023-02-17T02:03:33.144Z"}
{"err":"ruta inexistente","level":"warn","metodo":{"get":true},"ruta":"/favicon.ico","timestamp":"2023-02-17T02:05:12.060Z"}
{"err":"ruta inexistente","level":"warn","metodo":{"get":true},"ruta":"/favicon.ico","timestamp":"2023-02-17T02:10:22.194Z"}
{"err":"ruta inexistente","level":"warn","metodo":{"get":true},"ruta":"/favicon.ico","timestamp":"2023-02-17T02:21:04.349Z"}
{"err":"ruta inexistente","level":"warn","metodo":{"get":true},"ruta":"/favicon.ico","timestamp":"2023-02-17T02:21:46.451Z"}
{"err":"ruta inexistente","level":"warn","metodo":{"get":true},"ruta":"/favicon.ico","timestamp":"2023-02-17T05:05:10.667Z"}
{"err":"ruta inexistente","level":"warn","metodo":{"get":true},"ruta":"/favicon.ico","timestamp":"2023-02-17T05:07:58.437Z"}
{"err":"ruta inexistente","level":"warn","metodo":{"get":true},"ruta":"/favicon.ico","timestamp":"2023-02-17T05:19:46.825Z"}
{"err":"ruta inexistente","level":"warn","metodo":{"get":true},"ruta":"/favicon.ico","timestamp":"2023-02-17T05:20:07.673Z"}
{"err":"ruta inexistente","level":"warn","metodo":{"get":true},"ruta":"/favicon.ico","timestamp":"2023-02-17T05:22:36.265Z"}
{"err":"ruta inexistente","level":"warn","metodo":{"get":true},"ruta":"/favicon.ico","timestamp":"2023-02-17T05:24:19.825Z"}
{"err":"ruta inexistente","level":"warn","metodo":{"get":true},"ruta":"/favicon.ico","timestamp":"2023-02-17T05:24:22.397Z"}
{"err":"ruta inexistente","level":"warn","metodo":{"get":true},"ruta":"/favicon.ico","timestamp":"2023-02-17T05:24:24.045Z"}
{"err":"ruta inexistente","level":"warn","metodo":{"get":true},"ruta":"/favicon.ico","timestamp":"2023-02-17T05:24:46.552Z"}
{"err":"ruta inexistente","level":"warn","metodo":{"get":true},"ruta":"/favicon.ico","timestamp":"2023-02-17T05:25:23.424Z"}
{"err":"ruta inexistente","level":"warn","metodo":{"get":true},"ruta":"/favicon.ico","timestamp":"2023-02-17T05:28:18.013Z"}
{"err":"ruta inexistente","level":"warn","metodo":{"get":true},"ruta":"/favicon.ico","timestamp":"2023-02-17T05:28:53.116Z"}
{"err":"ruta inexistente","level":"warn","metodo":{"get":true},"ruta":"/favicon.ico","timestamp":"2023-02-17T05:34:23.590Z"}
{"err":"ruta inexistente","level":"warn","metodo":{"get":true},"ruta":"/favicon.ico","timestamp":"2023-02-17T05:34:51.655Z"}
{"err":"ruta inexistente","level":"warn","metodo":{"get":true},"ruta":"/favicon.ico","timestamp":"2023-02-17T05:39:58.871Z"}
{"err":"ruta inexistente","level":"warn","metodo":{"get":true},"ruta":"/favicon.ico","timestamp":"2023-02-17T05:40:42.561Z"}
{"err":"ruta inexistente","level":"warn","metodo":{"get":true},"ruta":"/favicon.ico","timestamp":"2023-02-17T05:41:04.563Z"}
{"err":"ruta inexistente","level":"warn","metodo":{"get":true},"ruta":"/favicon.ico","timestamp":"2023-02-17T05:41:15.361Z"}
{"err":"ruta inexistente","level":"warn","metodo":{"get":true},"ruta":"/favicon.ico","timestamp":"2023-02-17T05:41:38.343Z"}
{"err":"ruta inexistente","level":"warn","metodo":{"get":true},"ruta":"/favicon.ico","timestamp":"2023-02-17T05:43:06.007Z"}
{"err":"ruta inexistente","level":"warn","metodo":{"get":true},"ruta":"/favicon.ico","timestamp":"2023-02-17T05:43:15.417Z"}
{"err":"ruta inexistente","level":"warn","metodo":{"get":true},"ruta":"/favicon.ico","timestamp":"2023-02-17T05:44:31.263Z"}
{"err":"ruta inexistente","level":"warn","metodo":{"get":true},"ruta":"/favicon.ico","timestamp":"2023-02-17T05:44:39.249Z"}
{"err":"ruta inexistente","level":"warn","metodo":{"get":true},"ruta":"/favicon.ico","timestamp":"2023-02-17T05:45:16.428Z"}
{"err":"ruta inexistente","level":"warn","metodo":{"get":true},"ruta":"/favicon.ico","timestamp":"2023-02-17T05:45:32.948Z"}
{"err":"ruta inexistente","level":"warn","metodo":{"get":true},"ruta":"/favicon.ico","timestamp":"2023-02-17T05:47:26.278Z"}
{"err":"ruta inexistente","level":"warn","metodo":{"get":true},"ruta":"/favicon.ico","timestamp":"2023-02-17T05:49:16.863Z"}
{"err":"ruta inexistente","level":"warn","metodo":{"get":true},"ruta":"/favicon.ico","timestamp":"2023-02-17T05:49:27.213Z"}
{"err":"ruta inexistente","level":"warn","metodo":{"get":true},"ruta":"/favicon.ico","timestamp":"2023-02-17T05:50:48.382Z"}
{"err":"ruta inexistente","level":"warn","metodo":{"get":true},"ruta":"/favicon.ico","timestamp":"2023-02-17T05:51:19.972Z"}
{"err":"ruta inexistente","level":"warn","metodo":{"get":true},"ruta":"/favicon.ico","timestamp":"2023-02-17T05:51:32.345Z"}
{"err":"ruta inexistente","level":"warn","metodo":{"get":true},"ruta":"/favicon.ico","timestamp":"2023-02-17T05:51:54.664Z"}
{"err":"ruta inexistente","level":"warn","metodo":{"get":true},"ruta":"/favicon.ico","timestamp":"2023-02-17T05:52:15.603Z"}
{"err":"ruta inexistente","level":"warn","metodo":{"get":true},"ruta":"/favicon.ico","timestamp":"2023-02-17T05:53:37.632Z"}
{"err":"ruta inexistente","level":"warn","metodo":{"get":true},"ruta":"/favicon.ico","timestamp":"2023-02-17T05:53:43.958Z"}
{"err":"ruta inexistente","level":"warn","metodo":{"get":true},"ruta":"/favicon.ico","timestamp":"2023-02-17T05:56:31.033Z"}
{"err":"ruta inexistente","level":"warn","metodo":{"get":true},"ruta":"/favicon.ico","timestamp":"2023-02-17T05:56:47.157Z"}
{"err":"ruta inexistente","level":"warn","metodo":{"get":true},"ruta":"/favicon.ico","timestamp":"2023-02-17T05:57:04.358Z"}
{"err":"ruta inexistente","level":"warn","metodo":{"get":true},"ruta":"/favicon.ico","timestamp":"2023-02-17T05:57:23.095Z"}
{"err":"ruta inexistente","level":"warn","metodo":{"get":true},"ruta":"/favicon.ico","timestamp":"2023-02-17T05:57:28.240Z"}
{"err":"ruta inexistente","level":"warn","metodo":{"get":true},"ruta":"/favicon.ico","timestamp":"2023-02-17T05:57:33.835Z"}
{"err":"ruta inexistente","level":"warn","metodo":{"get":true},"ruta":"/favicon.ico","timestamp":"2023-02-17T05:57:57.538Z"}
{"err":"ruta inexistente","level":"warn","metodo":{"get":true},"ruta":"/favicon.ico","timestamp":"2023-02-17T05:59:00.940Z"}
{"err":"ruta inexistente","level":"warn","metodo":{"get":true},"ruta":"/favicon.ico","timestamp":"2023-02-17T05:59:43.586Z"}
{"err":"ruta inexistente","level":"warn","metodo":{"get":true},"ruta":"/favicon.ico","timestamp":"2023-02-17T06:00:22.790Z"}
{"err":"ruta inexistente","level":"warn","metodo":{"get":true},"ruta":"/favicon.ico","timestamp":"2023-02-17T06:00:56.931Z"}
{"err":"ruta inexistente","level":"warn","metodo":{"get":true},"ruta":"/favicon.ico","timestamp":"2023-02-17T06:01:08.132Z"}
{"err":"ruta inexistente","level":"warn","metodo":{"get":true},"ruta":"/favicon.ico","timestamp":"2023-02-17T06:01:15.678Z"}
{"err":"ruta inexistente","level":"warn","metodo":{"get":true},"ruta":"/favicon.ico","timestamp":"2023-02-17T06:01:44.775Z"}
{"err":"ruta inexistente","level":"warn","metodo":{"get":true},"ruta":"/favicon.ico","timestamp":"2023-02-17T06:02:02.513Z"}
{"err":"ruta inexistente","level":"warn","metodo":{"get":true},"ruta":"/favicon.ico","timestamp":"2023-02-17T06:02:04.056Z"}
{"err":"ruta inexistente","level":"warn","metodo":{"get":true},"ruta":"/favicon.ico","timestamp":"2023-02-17T06:02:11.759Z"}
{"err":"ruta inexistente","level":"warn","metodo":{"get":true},"ruta":"/favicon.ico","timestamp":"2023-02-17T06:02:21.058Z"}
{"err":"ruta inexistente","level":"warn","metodo":{"get":true},"ruta":"/favicon.ico","timestamp":"2023-02-17T06:02:31.381Z"}
{"err":"ruta inexistente","level":"warn","metodo":{"get":true},"ruta":"/favicon.ico","timestamp":"2023-02-17T06:02:42.337Z"}
{"err":"ruta inexistente","level":"warn","metodo":{"get":true},"ruta":"/favicon.ico","timestamp":"2023-02-17T06:02:45.292Z"}
{"err":"ruta inexistente","level":"warn","metodo":{"get":true},"ruta":"/favicon.ico","timestamp":"2023-02-17T06:02:50.296Z"}
{"err":"ruta inexistente","level":"warn","metodo":{"get":true},"ruta":"/favicon.ico","timestamp":"2023-02-17T06:03:17.091Z"}
{"err":"ruta inexistente","level":"warn","metodo":{"get":true},"ruta":"/favicon.ico","timestamp":"2023-02-17T06:03:26.077Z"}
{"err":"ruta inexistente","level":"warn","metodo":{"get":true},"ruta":"/favicon.ico","timestamp":"2023-02-17T06:03:34.103Z"}
{"err":"ruta inexistente","level":"warn","metodo":{"get":true},"ruta":"/favicon.ico","timestamp":"2023-02-17T06:03:41.649Z"}
{"err":"ruta inexistente","level":"warn","metodo":{"get":true},"ruta":"/favicon.ico","timestamp":"2023-02-17T06:03:51.295Z"}
{"err":"ruta inexistente","level":"warn","metodo":{"get":true},"ruta":"/favicon.ico","timestamp":"2023-02-17T06:03:57.091Z"}
{"err":"ruta inexistente","level":"warn","metodo":{"get":true},"ruta":"/favicon.ico","timestamp":"2023-02-17T06:04:23.305Z"}
{"err":"ruta inexistente","level":"warn","metodo":{"get":true},"ruta":"/favicon.ico","timestamp":"2023-02-17T06:05:33.646Z"}
{"err":"ruta inexistente","level":"warn","metodo":{"get":true},"ruta":"/favicon.ico","timestamp":"2023-02-17T06:05:40.984Z"}
{"err":"ruta inexistente","level":"warn","metodo":{"get":true},"ruta":"/favicon.ico","timestamp":"2023-02-17T06:06:08.951Z"}
{"err":"ruta inexistente","level":"warn","metodo":{"get":true},"ruta":"/favicon.ico","timestamp":"2023-02-17T06:06:33.649Z"}
{"err":"ruta inexistente","level":"warn","metodo":{"get":true},"ruta":"/favicon.ico","timestamp":"2023-02-17T06:06:42.316Z"}
{"err":"ruta inexistente","level":"warn","metodo":{"get":true},"ruta":"/favicon.ico","timestamp":"2023-02-17T06:06:53.341Z"}
{"err":"ruta inexistente","level":"warn","metodo":{"get":true},"ruta":"/favicon.ico","timestamp":"2023-02-17T06:07:00.252Z"}
{"err":"ruta inexistente","level":"warn","metodo":{"get":true},"ruta":"/favicon.ico","timestamp":"2023-02-17T06:07:09.313Z"}
{"err":"ruta inexistente","level":"warn","metodo":{"get":true},"ruta":"/favicon.ico","timestamp":"2023-02-17T06:07:11.457Z"}
{"err":"ruta inexistente","level":"warn","metodo":{"get":true},"ruta":"/favicon.ico","timestamp":"2023-02-17T06:07:13.775Z"}
{"err":"ruta inexistente","level":"warn","metodo":{"get":true},"ruta":"/favicon.ico","timestamp":"2023-02-17T06:07:20.397Z"}
{"err":"ruta inexistente","level":"warn","metodo":{"get":true},"ruta":"/favicon.ico","timestamp":"2023-02-17T06:07:28.583Z"}
{"err":"ruta inexistente","level":"warn","metodo":{"get":true},"ruta":"/favicon.ico","timestamp":"2023-02-17T06:07:45.662Z"}
{"err":"ruta inexistente","level":"warn","metodo":{"get":true},"ruta":"/favicon.ico","timestamp":"2023-02-17T06:07:51.972Z"}
{"err":"ruta inexistente","level":"warn","metodo":{"get":true},"ruta":"/favicon.ico","timestamp":"2023-02-17T06:08:00.340Z"}
{"err":"ruta inexistente","level":"warn","metodo":{"get":true},"ruta":"/favicon.ico","timestamp":"2023-02-17T06:08:11.479Z"}
{"err":"ruta inexistente","level":"warn","metodo":{"get":true},"ruta":"/favicon.ico","timestamp":"2023-02-17T06:08:20.095Z"}
{"err":"ruta inexistente","level":"warn","metodo":{"get":true},"ruta":"/favicon.ico","timestamp":"2023-02-17T06:08:26.734Z"}
{"err":"ruta inexistente","level":"warn","metodo":{"get":true},"ruta":"/favicon.ico","timestamp":"2023-02-17T06:08:36.973Z"}
{"err":"ruta inexistente","level":"warn","metodo":{"get":true},"ruta":"/favicon.ico","timestamp":"2023-02-17T06:08:38.255Z"}
{"err":"ruta inexistente","level":"warn","metodo":{"get":true},"ruta":"/favicon.ico","timestamp":"2023-02-17T06:08:53.153Z"}
{"err":"ruta inexistente","level":"warn","metodo":{"get":true},"ruta":"/favicon.ico","timestamp":"2023-02-17T06:09:21.901Z"}
{"err":"ruta inexistente","level":"warn","metodo":{"get":true},"ruta":"/favicon.ico","timestamp":"2023-02-17T06:10:39.887Z"}
{"err":"ruta inexistente","level":"warn","metodo":{"get":true},"ruta":"/favicon.ico","timestamp":"2023-02-17T06:10:52.994Z"}
{"err":"ruta inexistente","level":"warn","metodo":{"get":true},"ruta":"/favicon.ico","timestamp":"2023-02-17T06:10:54.366Z"}
{"err":"ruta inexistente","level":"warn","metodo":{"get":true},"ruta":"/favicon.ico","timestamp":"2023-02-17T06:10:59.014Z"}
{"err":"ruta inexistente","level":"warn","metodo":{"get":true},"ruta":"/favicon.ico","timestamp":"2023-02-17T06:11:07.971Z"}
{"err":"ruta inexistente","level":"warn","metodo":{"get":true},"ruta":"/favicon.ico","timestamp":"2023-02-17T06:11:18.571Z"}
{"err":"ruta inexistente","level":"warn","metodo":{"get":true},"ruta":"/favicon.ico","timestamp":"2023-02-17T06:11:24.297Z"}
{"err":"ruta inexistente","level":"warn","metodo":{"get":true},"ruta":"/favicon.ico","timestamp":"2023-02-17T06:11:31.259Z"}
{"err":"ruta inexistente","level":"warn","metodo":{"get":true},"ruta":"/favicon.ico","timestamp":"2023-02-17T06:11:39.088Z"}
{"err":"ruta inexistente","level":"warn","metodo":{"get":true},"ruta":"/favicon.ico","timestamp":"2023-02-17T06:11:51.273Z"}
{"err":"ruta inexistente","level":"warn","metodo":{"get":true},"ruta":"/favicon.ico","timestamp":"2023-02-17T06:12:04.462Z"}
{"err":"ruta inexistente","level":"warn","metodo":{"get":true},"ruta":"/favicon.ico","timestamp":"2023-02-17T06:12:21.525Z"}
{"err":"ruta inexistente","level":"warn","metodo":{"get":true},"ruta":"/favicon.ico","timestamp":"2023-02-17T06:12:42.764Z"}
{"err":"ruta inexistente","level":"warn","metodo":{"get":true},"ruta":"/favicon.ico","timestamp":"2023-02-17T06:15:47.500Z"}
{"err":"ruta inexistente","level":"warn","metodo":{"get":true},"ruta":"/favicon.ico","timestamp":"2023-02-17T06:15:49.199Z"}
{"err":"ruta inexistente","level":"warn","metodo":{"get":true},"ruta":"/favicon.ico","timestamp":"2023-02-17T06:16:16.734Z"}
{"err":"ruta inexistente","level":"warn","metodo":{"get":true},"ruta":"/favicon.ico","timestamp":"2023-02-17T06:18:29.792Z"}
{"err":"ruta inexistente","level":"warn","metodo":{"get":true},"ruta":"/favicon.ico","timestamp":"2023-02-17T06:18:33.057Z"}
{"err":"ruta inexistente","level":"warn","metodo":{"get":true},"ruta":"/favicon.ico","timestamp":"2023-02-17T06:18:43.094Z"}
{"err":"ruta inexistente","level":"warn","metodo":{"get":true},"ruta":"/favicon.ico","timestamp":"2023-02-17T06:18:44.866Z"}
{"err":"ruta inexistente","level":"warn","metodo":{"get":true},"ruta":"/favicon.ico","timestamp":"2023-02-17T06:19:06.851Z"}
{"err":"ruta inexistente","level":"warn","metodo":{"get":true},"ruta":"/favicon.ico","timestamp":"2023-02-17T06:19:14.836Z"}
{"err":"ruta inexistente","level":"warn","metodo":{"get":true},"ruta":"/favicon.ico","timestamp":"2023-02-17T06:19:46.276Z"}
{"err":"ruta inexistente","level":"warn","metodo":{"get":true},"ruta":"/favicon.ico","timestamp":"2023-02-17T06:20:07.783Z"}
{"err":"ruta inexistente","level":"warn","metodo":{"get":true},"ruta":"/favicon.ico","timestamp":"2023-02-17T06:20:47.717Z"}
{"err":"ruta inexistente","level":"warn","metodo":{"get":true},"ruta":"/favicon.ico","timestamp":"2023-02-17T06:21:07.792Z"}
{"err":"ruta inexistente","level":"warn","metodo":{"get":true},"ruta":"/favicon.ico","timestamp":"2023-02-17T06:21:20.995Z"}
{"err":"ruta inexistente","level":"warn","metodo":{"get":true},"ruta":"/favicon.ico","timestamp":"2023-02-17T06:21:22.016Z"}
{"err":"ruta inexistente","level":"warn","metodo":{"get":true},"ruta":"/favicon.ico","timestamp":"2023-02-17T06:22:36.974Z"}
{"err":"ruta inexistente","level":"warn","metodo":{"get":true},"ruta":"/favicon.ico","timestamp":"2023-02-17T06:22:39.433Z"}
{"err":"ruta inexistente","level":"warn","metodo":{"get":true},"ruta":"/favicon.ico","timestamp":"2023-02-17T06:25:04.328Z"}
{"err":"ruta inexistente","level":"warn","metodo":{"get":true},"ruta":"/favicon.ico","timestamp":"2023-02-17T06:26:58.695Z"}
{"err":"ruta inexistente","level":"warn","metodo":{"get":true},"ruta":"/favicon.ico","timestamp":"2023-02-17T06:28:27.293Z"}
{"err":"ruta inexistente","level":"warn","metodo":{"get":true},"ruta":"/favicon.ico","timestamp":"2023-02-17T06:28:44.347Z"}
{"err":"ruta inexistente","level":"warn","metodo":{"get":true},"ruta":"/favicon.ico","timestamp":"2023-02-17T06:29:14.805Z"}
{"err":"ruta inexistente","level":"warn","metodo":{"get":true},"ruta":"/favicon.ico","timestamp":"2023-02-17T06:30:49.624Z"}
{"err":"ruta inexistente","level":"warn","metodo":{"get":true},"ruta":"/favicon.ico","timestamp":"2023-02-17T06:31:39.794Z"}
{"err":"ruta inexistente","level":"warn","metodo":{"get":true},"ruta":"/favicon.ico","timestamp":"2023-02-17T06:31:58.745Z"}
{"err":"ruta inexistente","level":"warn","metodo":{"get":true},"ruta":"/favicon.ico","timestamp":"2023-02-17T06:33:19.567Z"}
{"err":"ruta inexistente","level":"warn","metodo":{"get":true},"ruta":"/favicon.ico","timestamp":"2023-02-17T06:36:52.493Z"}
{"err":"ruta inexistente","level":"warn","metodo":{"get":true},"ruta":"/favicon.ico","timestamp":"2023-02-17T06:41:17.694Z"}
{"err":"ruta inexistente","level":"warn","metodo":{"get":true},"ruta":"/favicon.ico","timestamp":"2023-02-17T06:41:21.023Z"}
{"err":"ruta inexistente","level":"warn","metodo":{"get":true},"ruta":"/favicon.ico","timestamp":"2023-02-17T07:27:09.862Z"}
{"err":"ruta inexistente","level":"warn","metodo":{"get":true},"ruta":"/favicon.ico","timestamp":"2023-02-17T07:27:12.883Z"}
{"err":"ruta inexistente","level":"warn","metodo":{"get":true},"ruta":"/favicon.ico","timestamp":"2023-02-17T07:27:45.826Z"}
{"err":"ruta inexistente","level":"warn","metodo":{"get":true},"ruta":"/favicon.ico","timestamp":"2023-02-17T07:27:50.893Z"}
{"err":"ruta inexistente","level":"warn","metodo":{"get":true},"ruta":"/favicon.ico","timestamp":"2023-02-17T07:28:13.196Z"}
{"err":"ruta inexistente","level":"warn","metodo":{"get":true},"ruta":"/favicon.ico","timestamp":"2023-02-17T07:28:26.716Z"}
{"err":"ruta inexistente","level":"warn","metodo":{"get":true},"ruta":"/favicon.ico","timestamp":"2023-02-17T07:31:31.245Z"}
{"err":"ruta inexistente","level":"warn","metodo":{"get":true},"ruta":"/favicon.ico","timestamp":"2023-02-17T07:31:54.793Z"}
{"err":"ruta inexistente","level":"warn","metodo":{"get":true},"ruta":"/favicon.ico","timestamp":"2023-02-17T07:33:33.091Z"}
{"err":"ruta inexistente","level":"warn","metodo":{"get":true},"ruta":"/favicon.ico","timestamp":"2023-02-17T07:33:34.543Z"}
{"err":"ruta inexistente","level":"warn","metodo":{"get":true},"ruta":"/favicon.ico","timestamp":"2023-02-17T07:34:16.474Z"}
{"err":"ruta inexistente","level":"warn","metodo":{"get":true},"ruta":"/favicon.ico","timestamp":"2023-02-17T07:34:27.148Z"}
{"err":"ruta inexistente","level":"warn","metodo":{"get":true},"ruta":"/favicon.ico","timestamp":"2023-02-17T07:34:28.872Z"}
{"err":"ruta inexistente","level":"warn","metodo":{"get":true},"ruta":"/favicon.ico","timestamp":"2023-02-17T07:34:33.941Z"}
{"err":"ruta inexistente","level":"warn","metodo":{"get":true},"ruta":"/favicon.ico","timestamp":"2023-02-17T07:34:48.771Z"}
{"err":"ruta inexistente","level":"warn","metodo":{"get":true},"ruta":"/favicon.ico","timestamp":"2023-02-17T07:34:55.836Z"}
{"err":"ruta inexistente","level":"warn","metodo":{"get":true},"ruta":"/favicon.ico","timestamp":"2023-02-17T07:37:04.555Z"}
{"err":"ruta inexistente","level":"warn","metodo":{"get":true},"ruta":"/favicon.ico","timestamp":"2023-02-17T07:37:05.988Z"}
{"err":"ruta inexistente","level":"warn","metodo":{"get":true},"ruta":"/favicon.ico","timestamp":"2023-02-17T07:37:10.903Z"}
{"err":"ruta inexistente","level":"warn","metodo":{"get":true},"ruta":"/favicon.ico","timestamp":"2023-02-17T07:37:12.749Z"}
{"err":"ruta inexistente","level":"warn","metodo":{"get":true},"ruta":"/favicon.ico","timestamp":"2023-02-17T07:37:17.460Z"}
{"err":"ruta inexistente","level":"warn","metodo":{"get":true},"ruta":"/favicon.ico","timestamp":"2023-02-17T07:37:29.437Z"}
{"err":"ruta inexistente","level":"warn","metodo":{"get":true},"ruta":"/favicon.ico","timestamp":"2023-02-17T07:37:35.275Z"}
{"err":"ruta inexistente","level":"warn","metodo":{"get":true},"ruta":"/favicon.ico","timestamp":"2023-02-17T07:38:07.326Z"}
{"err":"ruta inexistente","level":"warn","metodo":{"get":true},"ruta":"/favicon.ico","timestamp":"2023-02-17T07:38:16.849Z"}
{"err":"ruta inexistente","level":"warn","metodo":{"get":true},"ruta":"/favicon.ico","timestamp":"2023-02-17T07:38:18.283Z"}
{"err":"ruta inexistente","level":"warn","metodo":{"get":true},"ruta":"/favicon.ico","timestamp":"2023-02-17T07:38:45.521Z"}
{"err":"ruta inexistente","level":"warn","metodo":{"get":true},"ruta":"/favicon.ico","timestamp":"2023-02-17T07:38:49.887Z"}
{"err":"ruta inexistente","level":"warn","metodo":{"get":true},"ruta":"/favicon.ico","timestamp":"2023-02-17T07:38:58.526Z"}
{"err":"ruta inexistente","level":"warn","metodo":{"get":true},"ruta":"/favicon.ico","timestamp":"2023-02-17T07:39:06.103Z"}
{"err":"ruta inexistente","level":"warn","metodo":{"get":true},"ruta":"/favicon.ico","timestamp":"2023-02-17T07:39:08.672Z"}
{"err":"ruta inexistente","level":"warn","metodo":{"get":true},"ruta":"/favicon.ico","timestamp":"2023-02-17T07:39:35.901Z"}
{"err":"ruta inexistente","level":"warn","metodo":{"get":true},"ruta":"/favicon.ico","timestamp":"2023-02-17T07:39:49.726Z"}
{"err":"ruta inexistente","level":"warn","metodo":{"get":true},"ruta":"/favicon.ico","timestamp":"2023-02-17T07:39:52.079Z"}
{"err":"ruta inexistente","level":"warn","metodo":{"get":true},"ruta":"/favicon.ico","timestamp":"2023-02-17T07:41:11.343Z"}
{"err":"ruta inexistente","level":"warn","metodo":{"get":true},"ruta":"/favicon.ico","timestamp":"2023-02-17T07:41:13.188Z"}
{"err":"ruta inexistente","level":"warn","metodo":{"get":true},"ruta":"/favicon.ico","timestamp":"2023-02-17T07:41:15.231Z"}
{"err":"ruta inexistente","level":"warn","metodo":{"get":true},"ruta":"/favicon.ico","timestamp":"2023-02-17T07:41:31.734Z"}
{"err":"ruta inexistente","level":"warn","metodo":{"get":true},"ruta":"/favicon.ico","timestamp":"2023-02-17T07:41:34.310Z"}
{"err":"ruta inexistente","level":"warn","metodo":{"get":true},"ruta":"/api/estilos.css","timestamp":"2023-02-17T07:41:54.317Z"}
{"err":"ruta inexistente","level":"warn","metodo":{"get":true},"ruta":"/api/main.js","timestamp":"2023-02-17T07:41:54.456Z"}
{"err":"ruta inexistente","level":"warn","metodo":{"get":true},"ruta":"/api/estilos.css","timestamp":"2023-02-17T07:41:56.364Z"}
{"err":"ruta inexistente","level":"warn","metodo":{"get":true},"ruta":"/api/main.js","timestamp":"2023-02-17T07:41:56.370Z"}
{"err":"ruta inexistente","level":"warn","metodo":{"get":true},"ruta":"/api/estilos.css","timestamp":"2023-02-17T07:42:04.483Z"}
{"err":"ruta inexistente","level":"warn","metodo":{"get":true},"ruta":"/api/main.js","timestamp":"2023-02-17T07:42:04.486Z"}
{"err":"ruta inexistente","level":"warn","metodo":{"get":true},"ruta":"/api/estilos.css","timestamp":"2023-02-17T07:42:11.912Z"}
{"err":"ruta inexistente","level":"warn","metodo":{"get":true},"ruta":"/api/main.js","timestamp":"2023-02-17T07:42:12.063Z"}
{"err":"ruta inexistente","level":"warn","metodo":{"get":true},"ruta":"/favicon.ico","timestamp":"2023-02-17T07:42:28.718Z"}
{"err":"ruta inexistente","level":"warn","metodo":{"get":true},"ruta":"/favicon.ico","timestamp":"2023-02-17T07:42:53.739Z"}
{"err":"ruta inexistente","level":"warn","metodo":{"get":true},"ruta":"/favicon.ico","timestamp":"2023-02-17T07:43:28.365Z"}
{"err":"ruta inexistente","level":"warn","metodo":{"get":true},"ruta":"/favicon.ico","timestamp":"2023-02-17T07:43:40.044Z"}
{"err":"ruta inexistente","level":"warn","metodo":{"get":true},"ruta":"/favicon.ico","timestamp":"2023-02-17T07:43:43.567Z"}
{"err":"ruta inexistente","level":"warn","metodo":{"get":true},"ruta":"/favicon.ico","timestamp":"2023-02-17T07:43:57.733Z"}
{"err":"ruta inexistente","level":"warn","metodo":{"get":true},"ruta":"/favicon.ico","timestamp":"2023-02-17T07:44:13.325Z"}
{"err":"ruta inexistente","level":"warn","metodo":{"get":true},"ruta":"/favicon.ico","timestamp":"2023-02-17T07:46:31.712Z"}
{"err":"ruta inexistente","level":"warn","metodo":{"get":true},"ruta":"/favicon.ico","timestamp":"2023-02-17T07:48:03.460Z"}
{"err":"ruta inexistente","level":"warn","metodo":{"get":true},"ruta":"/favicon.ico","timestamp":"2023-02-17T07:49:21.496Z"}
{"err":"ruta inexistente","level":"warn","metodo":{"get":true},"ruta":"/favicon.ico","timestamp":"2023-02-17T07:50:46.569Z"}
{"err":"ruta inexistente","level":"warn","metodo":{"get":true},"ruta":"/favicon.ico","timestamp":"2023-02-17T07:52:43.052Z"}
{"err":"ruta inexistente","level":"warn","metodo":{"get":true},"ruta":"/favicon.ico","timestamp":"2023-02-17T07:58:33.043Z"}
{"err":"ruta inexistente","level":"warn","metodo":{"get":true},"ruta":"/favicon.ico","timestamp":"2023-02-17T07:58:45.242Z"}
{"err":"ruta inexistente","level":"warn","metodo":{"get":true},"ruta":"/Enrique%20Hernandez","timestamp":"2023-02-17T07:58:46.776Z"}
{"err":"ruta inexistente","level":"warn","metodo":{"get":true},"ruta":"/favicon.ico","timestamp":"2023-02-17T07:59:11.933Z"}
{"err":"ruta inexistente","level":"warn","metodo":{"get":true},"ruta":"/favicon.ico","timestamp":"2023-02-17T07:59:39.469Z"}
{"err":"ruta inexistente","level":"warn","metodo":{"get":true},"ruta":"/favicon.ico","timestamp":"2023-02-17T08:00:18.732Z"}
{"err":"ruta inexistente","level":"warn","metodo":{"get":true},"ruta":"/favicon.ico","timestamp":"2023-02-17T08:01:37.271Z"}
{"err":"ruta inexistente","level":"warn","metodo":{"get":true},"ruta":"/favicon.ico","timestamp":"2023-02-17T08:01:51.270Z"}
{"err":"ruta inexistente","level":"warn","metodo":{"get":true},"ruta":"/favicon.ico","timestamp":"2023-02-17T08:02:04.272Z"}
{"err":"ruta inexistente","level":"warn","metodo":{"get":true},"ruta":"/favicon.ico","timestamp":"2023-02-17T08:02:12.741Z"}
{"err":"ruta inexistente","level":"warn","metodo":{"get":true},"ruta":"/favicon.ico","timestamp":"2023-02-17T08:02:19.020Z"}
{"err":"ruta inexistente","level":"warn","metodo":{"get":true},"ruta":"/favicon.ico","timestamp":"2023-02-17T08:03:19.774Z"}
{"err":"ruta inexistente","level":"warn","metodo":{"get":true},"ruta":"/favicon.ico","timestamp":"2023-02-17T08:03:36.568Z"}
{"err":"ruta inexistente","level":"warn","metodo":{"get":true},"ruta":"/favicon.ico","timestamp":"2023-02-17T08:03:42.988Z"}
{"err":"ruta inexistente","level":"warn","metodo":{"get":true},"ruta":"/favicon.ico","timestamp":"2023-02-17T08:03:59.269Z"}
{"err":"ruta inexistente","level":"warn","metodo":{"get":true},"ruta":"/favicon.ico","timestamp":"2023-02-17T08:04:05.649Z"}
{"err":"ruta inexistente","level":"warn","metodo":{"get":true},"ruta":"/favicon.ico","timestamp":"2023-02-17T08:05:18.220Z"}
{"err":"ruta inexistente","level":"warn","metodo":{"get":true},"ruta":"/favicon.ico","timestamp":"2023-02-17T08:05:37.212Z"}
{"err":"ruta inexistente","level":"warn","metodo":{"get":true},"ruta":"/favicon.ico","timestamp":"2023-02-17T08:05:56.344Z"}
{"err":"ruta inexistente","level":"warn","metodo":{"get":true},"ruta":"/favicon.ico","timestamp":"2023-02-17T08:06:19.046Z"}
{"err":"ruta inexistente","level":"warn","metodo":{"get":true},"ruta":"/favicon.ico","timestamp":"2023-02-17T08:07:51.525Z"}
{"err":"ruta inexistente","level":"warn","metodo":{"get":true},"ruta":"/favicon.ico","timestamp":"2023-02-17T08:07:57.074Z"}
{"err":"ruta inexistente","level":"warn","metodo":{"get":true},"ruta":"/favicon.ico","timestamp":"2023-02-17T08:08:02.508Z"}
{"err":"ruta inexistente","level":"warn","metodo":{"get":true},"ruta":"/favicon.ico","timestamp":"2023-02-17T08:08:08.324Z"}
{"err":"ruta inexistente","level":"warn","metodo":{"get":true},"ruta":"/favicon.ico","timestamp":"2023-02-17T08:08:13.421Z"}
{"err":"ruta inexistente","level":"warn","metodo":{"get":true},"ruta":"/favicon.ico","timestamp":"2023-02-17T08:08:19.719Z"}
{"err":"ruta inexistente","level":"warn","metodo":{"get":true},"ruta":"/favicon.ico","timestamp":"2023-02-17T08:08:24.934Z"}
{"err":"ruta inexistente","level":"warn","metodo":{"get":true},"ruta":"/favicon.ico","timestamp":"2023-02-17T08:08:30.011Z"}
{"err":"ruta inexistente","level":"warn","metodo":{"get":true},"ruta":"/favicon.ico","timestamp":"2023-02-17T08:08:35.584Z"}
{"err":"ruta inexistente","level":"warn","metodo":{"get":true},"ruta":"/favicon.ico","timestamp":"2023-02-17T08:08:46.106Z"}
{"err":"ruta inexistente","level":"warn","metodo":{"get":true},"ruta":"/favicon.ico","timestamp":"2023-02-17T08:08:56.254Z"}
{"err":"ruta inexistente","level":"warn","metodo":{"get":true},"ruta":"/favicon.ico","timestamp":"2023-02-17T08:09:06.493Z"}
{"err":"ruta inexistente","level":"warn","metodo":{"get":true},"ruta":"/favicon.ico","timestamp":"2023-02-17T08:09:15.576Z"}
{"err":"ruta inexistente","level":"warn","metodo":{"get":true},"ruta":"/favicon.ico","timestamp":"2023-02-17T08:09:17.519Z"}
{"err":"ruta inexistente","level":"warn","metodo":{"get":true},"ruta":"/favicon.ico","timestamp":"2023-02-17T08:09:27.882Z"}
{"err":"ruta inexistente","level":"warn","metodo":{"get":true},"ruta":"/favicon.ico","timestamp":"2023-02-17T08:09:38.493Z"}
{"err":"ruta inexistente","level":"warn","metodo":{"get":true},"ruta":"/favicon.ico","timestamp":"2023-02-17T08:09:48.967Z"}
{"err":"ruta inexistente","level":"warn","metodo":{"get":true},"ruta":"/favicon.ico","timestamp":"2023-02-17T08:09:59.425Z"}
{"err":"ruta inexistente","level":"warn","metodo":{"get":true},"ruta":"/favicon.ico","timestamp":"2023-02-17T08:10:09.949Z"}
{"err":"ruta inexistente","level":"warn","metodo":{"get":true},"ruta":"/favicon.ico","timestamp":"2023-02-17T08:10:20.290Z"}
{"err":"ruta inexistente","level":"warn","metodo":{"get":true},"ruta":"/favicon.ico","timestamp":"2023-02-17T08:10:31.201Z"}
{"err":"ruta inexistente","level":"warn","metodo":{"get":true},"ruta":"/favicon.ico","timestamp":"2023-02-17T08:10:41.694Z"}
{"err":"ruta inexistente","level":"warn","metodo":{"get":true},"ruta":"/favicon.ico","timestamp":"2023-02-17T08:10:52.448Z"}
{"err":"ruta inexistente","level":"warn","metodo":{"get":true},"ruta":"/favicon.ico","timestamp":"2023-02-17T08:11:03.137Z"}
{"err":"ruta inexistente","level":"warn","metodo":{"get":true},"ruta":"/favicon.ico","timestamp":"2023-02-17T08:11:13.749Z"}
{"err":"ruta inexistente","level":"warn","metodo":{"get":true},"ruta":"/favicon.ico","timestamp":"2023-02-17T08:11:24.229Z"}
{"err":"ruta inexistente","level":"warn","metodo":{"get":true},"ruta":"/favicon.ico","timestamp":"2023-02-17T08:11:35.062Z"}
{"err":"ruta inexistente","level":"warn","metodo":{"get":true},"ruta":"/favicon.ico","timestamp":"2023-02-17T08:11:45.463Z"}
{"err":"ruta inexistente","level":"warn","metodo":{"get":true},"ruta":"/favicon.ico","timestamp":"2023-02-17T08:13:28.031Z"}
{"err":"ruta inexistente","level":"warn","metodo":{"get":true},"ruta":"/favicon.ico","timestamp":"2023-02-17T08:13:52.265Z"}
{"err":"ruta inexistente","level":"warn","metodo":{"get":true},"ruta":"/favicon.ico","timestamp":"2023-02-17T08:14:07.966Z"}
{"err":"ruta inexistente","level":"warn","metodo":{"get":true},"ruta":"/favicon.ico","timestamp":"2023-02-17T08:14:54.425Z"}
{"err":"ruta inexistente","level":"warn","metodo":{"get":true},"ruta":"/favicon.ico","timestamp":"2023-02-17T08:15:09.375Z"}
{"err":"ruta inexistente","level":"warn","metodo":{"get":true},"ruta":"/favicon.ico","timestamp":"2023-02-17T08:15:25.462Z"}
{"err":"ruta inexistente","level":"warn","metodo":{"get":true},"ruta":"/favicon.ico","timestamp":"2023-02-17T08:15:35.829Z"}
{"err":"ruta inexistente","level":"warn","metodo":{"get":true},"ruta":"/favicon.ico","timestamp":"2023-02-17T08:15:42.959Z"}
{"err":"ruta inexistente","level":"warn","metodo":{"get":true},"ruta":"/favicon.ico","timestamp":"2023-02-17T08:15:52.015Z"}
{"err":"ruta inexistente","level":"warn","metodo":{"get":true},"ruta":"/favicon.ico","timestamp":"2023-02-17T08:16:04.817Z"}
{"err":"ruta inexistente","level":"warn","metodo":{"get":true},"ruta":"/favicon.ico","timestamp":"2023-02-17T08:16:26.414Z"}
{"err":"ruta inexistente","level":"warn","metodo":{"get":true},"ruta":"/favicon.ico","timestamp":"2023-02-17T08:16:37.939Z"}
{"err":"ruta inexistente","level":"warn","metodo":{"get":true},"ruta":"/favicon.ico","timestamp":"2023-02-17T08:16:54.212Z"}
{"err":"ruta inexistente","level":"warn","metodo":{"get":true},"ruta":"/favicon.ico","timestamp":"2023-02-17T08:17:32.833Z"}
{"err":"ruta inexistente","level":"warn","metodo":{"get":true},"ruta":"/favicon.ico","timestamp":"2023-02-17T08:17:37.850Z"}
{"err":"ruta inexistente","level":"warn","metodo":{"get":true},"ruta":"/favicon.ico","timestamp":"2023-02-17T08:17:59.391Z"}
{"err":"ruta inexistente","level":"warn","metodo":{"get":true},"ruta":"/favicon.ico","timestamp":"2023-02-17T08:18:02.974Z"}
{"err":"ruta inexistente","level":"warn","metodo":{"get":true},"ruta":"/favicon.ico","timestamp":"2023-02-17T08:18:19.569Z"}
{"err":"ruta inexistente","level":"warn","metodo":{"get":true},"ruta":"/favicon.ico","timestamp":"2023-02-17T08:18:21.885Z"}
{"err":"ruta inexistente","level":"warn","metodo":{"get":true},"ruta":"/favicon.ico","timestamp":"2023-02-17T08:18:54.239Z"}
{"err":"ruta inexistente","level":"warn","metodo":{"get":true},"ruta":"/favicon.ico","timestamp":"2023-02-17T08:18:58.950Z"}
{"err":"ruta inexistente","level":"warn","metodo":{"get":true},"ruta":"/favicon.ico","timestamp":"2023-02-17T08:19:02.203Z"}
{"err":"ruta inexistente","level":"warn","metodo":{"get":true},"ruta":"/favicon.ico","timestamp":"2023-02-17T08:19:04.833Z"}
{"err":"ruta inexistente","level":"warn","metodo":{"get":true},"ruta":"/favicon.ico","timestamp":"2023-02-17T08:19:26.428Z"}
{"err":"ruta inexistente","level":"warn","metodo":{"get":true},"ruta":"/favicon.ico","timestamp":"2023-02-17T08:19:35.056Z"}
{"err":"ruta inexistente","level":"warn","metodo":{"get":true},"ruta":"/favicon.ico","timestamp":"2023-02-17T08:19:36.566Z"}
{"err":"ruta inexistente","level":"warn","metodo":{"get":true},"ruta":"/favicon.ico","timestamp":"2023-02-17T08:19:45.748Z"}
{"err":"ruta inexistente","level":"warn","metodo":{"get":true},"ruta":"/favicon.ico","timestamp":"2023-02-17T08:19:58.242Z"}
{"err":"ruta inexistente","level":"warn","metodo":{"get":true},"ruta":"/favicon.ico","timestamp":"2023-02-17T08:20:46.678Z"}
{"err":"ruta inexistente","level":"warn","metodo":{"get":true},"ruta":"/favicon.ico","timestamp":"2023-02-17T08:20:50.367Z"}
{"err":"ruta inexistente","level":"warn","metodo":{"get":true},"ruta":"/favicon.ico","timestamp":"2023-02-17T08:20:56.952Z"}
{"err":"ruta inexistente","level":"warn","metodo":{"get":true},"ruta":"/favicon.ico","timestamp":"2023-02-17T08:20:59.209Z"}
{"err":"ruta inexistente","level":"warn","metodo":{"get":true},"ruta":"/favicon.ico","timestamp":"2023-02-17T08:21:29.118Z"}
{"err":"ruta inexistente","level":"warn","metodo":{"get":true},"ruta":"/favicon.ico","timestamp":"2023-02-17T08:21:33.807Z"}
{"err":"ruta inexistente","level":"warn","metodo":{"get":true},"ruta":"/favicon.ico","timestamp":"2023-02-17T08:21:45.080Z"}
{"err":"ruta inexistente","level":"warn","metodo":{"get":true},"ruta":"/favicon.ico","timestamp":"2023-02-17T08:21:47.231Z"}
{"err":"ruta inexistente","level":"warn","metodo":{"get":true},"ruta":"/favicon.ico","timestamp":"2023-02-17T08:22:25.427Z"}
{"err":"ruta inexistente","level":"warn","metodo":{"get":true},"ruta":"/favicon.ico","timestamp":"2023-02-17T08:22:28.601Z"}
{"err":"ruta inexistente","level":"warn","metodo":{"get":true},"ruta":"/favicon.ico","timestamp":"2023-02-17T08:22:49.201Z"}
{"err":"ruta inexistente","level":"warn","metodo":{"get":true},"ruta":"/favicon.ico","timestamp":"2023-02-17T08:22:57.854Z"}
{"err":"ruta inexistente","level":"warn","metodo":{"get":true},"ruta":"/favicon.ico","timestamp":"2023-02-17T08:23:15.812Z"}
{"err":"ruta inexistente","level":"warn","metodo":{"get":true},"ruta":"/favicon.ico","timestamp":"2023-02-17T08:23:37.313Z"}
{"err":"ruta inexistente","level":"warn","metodo":{"get":true},"ruta":"/favicon.ico","timestamp":"2023-02-17T08:23:39.318Z"}
{"err":"ruta inexistente","level":"warn","metodo":{"get":true},"ruta":"/favicon.ico","timestamp":"2023-02-17T08:23:47.825Z"}
{"err":"ruta inexistente","level":"warn","metodo":{"get":true},"ruta":"/favicon.ico","timestamp":"2023-02-17T08:24:01.649Z"}
{"err":"ruta inexistente","level":"warn","metodo":{"get":true},"ruta":"/favicon.ico","timestamp":"2023-02-17T08:24:21.926Z"}
{"err":"ruta inexistente","level":"warn","metodo":{"get":true},"ruta":"/favicon.ico","timestamp":"2023-02-17T08:24:49.471Z"}
{"err":"ruta inexistente","level":"warn","metodo":{"get":true},"ruta":"/favicon.ico","timestamp":"2023-02-17T08:24:55.647Z"}
{"err":"ruta inexistente","level":"warn","metodo":{"get":true},"ruta":"/favicon.ico","timestamp":"2023-02-17T08:25:04.316Z"}
{"err":"ruta inexistente","level":"warn","metodo":{"get":true},"ruta":"/favicon.ico","timestamp":"2023-02-17T08:25:06.671Z"}
{"err":"ruta inexistente","level":"warn","metodo":{"get":true},"ruta":"/favicon.ico","timestamp":"2023-02-17T08:25:18.167Z"}
{"err":"ruta inexistente","level":"warn","metodo":{"get":true},"ruta":"/favicon.ico","timestamp":"2023-02-17T08:25:29.036Z"}
{"err":"ruta inexistente","level":"warn","metodo":{"get":true},"ruta":"/favicon.ico","timestamp":"2023-02-17T08:25:59.553Z"}
{"err":"ruta inexistente","level":"warn","metodo":{"get":true},"ruta":"/favicon.ico","timestamp":"2023-02-17T08:26:09.853Z"}
{"err":"ruta inexistente","level":"warn","metodo":{"get":true},"ruta":"/favicon.ico","timestamp":"2023-02-17T08:26:12.726Z"}
{"err":"ruta inexistente","level":"warn","metodo":{"get":true},"ruta":"/favicon.ico","timestamp":"2023-02-17T08:26:23.404Z"}
{"err":"ruta inexistente","level":"warn","metodo":{"get":true},"ruta":"/favicon.ico","timestamp":"2023-02-17T08:26:25.724Z"}
{"err":"ruta inexistente","level":"warn","metodo":{"get":true},"ruta":"/favicon.ico","timestamp":"2023-02-17T08:26:36.511Z"}
{"err":"ruta inexistente","level":"warn","metodo":{"get":true},"ruta":"/favicon.ico","timestamp":"2023-02-17T08:26:47.366Z"}
{"err":"ruta inexistente","level":"warn","metodo":{"get":true},"ruta":"/favicon.ico","timestamp":"2023-02-17T08:26:55.527Z"}
{"err":"ruta inexistente","level":"warn","metodo":{"get":true},"ruta":"/favicon.ico","timestamp":"2023-02-17T08:27:06.055Z"}
{"err":"ruta inexistente","level":"warn","metodo":{"get":true},"ruta":"/favicon.ico","timestamp":"2023-02-17T08:27:09.579Z"}
{"err":"ruta inexistente","level":"warn","metodo":{"get":true},"ruta":"/favicon.ico","timestamp":"2023-02-17T08:27:20.336Z"}
{"err":"ruta inexistente","level":"warn","metodo":{"get":true},"ruta":"/favicon.ico","timestamp":"2023-02-17T08:27:22.866Z"}
{"err":"ruta inexistente","level":"warn","metodo":{"get":true},"ruta":"/favicon.ico","timestamp":"2023-02-17T08:27:33.474Z"}
{"err":"ruta inexistente","level":"warn","metodo":{"get":true},"ruta":"/favicon.ico","timestamp":"2023-02-17T08:27:36.884Z"}
{"err":"ruta inexistente","level":"warn","metodo":{"get":true},"ruta":"/favicon.ico","timestamp":"2023-02-17T08:27:45.599Z"}
{"err":"ruta inexistente","level":"warn","metodo":{"get":true},"ruta":"/favicon.ico","timestamp":"2023-02-17T08:27:56.076Z"}
{"err":"ruta inexistente","level":"warn","metodo":{"get":true},"ruta":"/favicon.ico","timestamp":"2023-02-17T08:28:07.100Z"}
{"err":"ruta inexistente","level":"warn","metodo":{"get":true},"ruta":"/favicon.ico","timestamp":"2023-02-17T08:28:17.955Z"}
{"err":"ruta inexistente","level":"warn","metodo":{"get":true},"ruta":"/favicon.ico","timestamp":"2023-02-17T08:28:28.841Z"}
{"err":"ruta inexistente","level":"warn","metodo":{"get":true},"ruta":"/favicon.ico","timestamp":"2023-02-17T08:28:39.043Z"}
{"err":"ruta inexistente","level":"warn","metodo":{"get":true},"ruta":"/favicon.ico","timestamp":"2023-02-17T08:28:49.595Z"}
{"err":"ruta inexistente","level":"warn","metodo":{"get":true},"ruta":"/favicon.ico","timestamp":"2023-02-17T08:29:00.181Z"}
{"err":"ruta inexistente","level":"warn","metodo":{"get":true},"ruta":"/favicon.ico","timestamp":"2023-02-17T08:29:11.033Z"}
{"err":"ruta inexistente","level":"warn","metodo":{"get":true},"ruta":"/favicon.ico","timestamp":"2023-02-17T08:29:20.965Z"}
{"err":"ruta inexistente","level":"warn","metodo":{"get":true},"ruta":"/favicon.ico","timestamp":"2023-02-17T08:29:31.740Z"}
{"err":"ruta inexistente","level":"warn","metodo":{"get":true},"ruta":"/favicon.ico","timestamp":"2023-02-17T08:29:41.948Z"}
{"err":"ruta inexistente","level":"warn","metodo":{"get":true},"ruta":"/favicon.ico","timestamp":"2023-02-17T08:29:48.118Z"}
{"err":"ruta inexistente","level":"warn","metodo":{"get":true},"ruta":"/favicon.ico","timestamp":"2023-02-17T08:31:07.669Z"}
{"err":"ruta inexistente","level":"warn","metodo":{"get":true},"ruta":"/favicon.ico","timestamp":"2023-02-17T08:31:17.888Z"}
{"err":"ruta inexistente","level":"warn","metodo":{"get":true},"ruta":"/favicon.ico","timestamp":"2023-02-17T08:31:28.662Z"}
{"err":"ruta inexistente","level":"warn","metodo":{"get":true},"ruta":"/favicon.ico","timestamp":"2023-02-17T08:31:38.694Z"}
{"err":"ruta inexistente","level":"warn","metodo":{"get":true},"ruta":"/favicon.ico","timestamp":"2023-02-17T08:31:49.759Z"}
{"err":"ruta inexistente","level":"warn","metodo":{"get":true},"ruta":"/favicon.ico","timestamp":"2023-02-17T08:31:59.957Z"}
{"err":"ruta inexistente","level":"warn","metodo":{"get":true},"ruta":"/favicon.ico","timestamp":"2023-02-17T08:32:10.656Z"}
{"err":"ruta inexistente","level":"warn","metodo":{"get":true},"ruta":"/favicon.ico","timestamp":"2023-02-17T08:32:21.295Z"}
{"err":"ruta inexistente","level":"warn","metodo":{"get":true},"ruta":"/favicon.ico","timestamp":"2023-02-17T08:32:31.696Z"}
{"err":"ruta inexistente","level":"warn","metodo":{"get":true},"ruta":"/favicon.ico","timestamp":"2023-02-17T08:32:42.074Z"}
{"err":"ruta inexistente","level":"warn","metodo":{"get":true},"ruta":"/favicon.ico","timestamp":"2023-02-17T08:32:52.724Z"}
{"err":"ruta inexistente","level":"warn","metodo":{"get":true},"ruta":"/favicon.ico","timestamp":"2023-02-17T08:33:09.779Z"}
{"err":"ruta inexistente","level":"warn","metodo":{"get":true},"ruta":"/favicon.ico","timestamp":"2023-02-17T08:34:04.738Z"}
{"err":"ruta inexistente","level":"warn","metodo":{"get":true},"ruta":"/favicon.ico","timestamp":"2023-02-17T08:34:12.684Z"}
{"err":"ruta inexistente","level":"warn","metodo":{"get":true},"ruta":"/favicon.ico","timestamp":"2023-02-17T08:34:19.742Z"}
{"err":"ruta inexistente","level":"warn","metodo":{"get":true},"ruta":"/favicon.ico","timestamp":"2023-02-17T08:34:22.998Z"}
{"err":"ruta inexistente","level":"warn","metodo":{"get":true},"ruta":"/favicon.ico","timestamp":"2023-02-17T08:34:30.948Z"}
{"err":"ruta inexistente","level":"warn","metodo":{"get":true},"ruta":"/favicon.ico","timestamp":"2023-02-17T08:34:38.269Z"}
{"err":"ruta inexistente","level":"warn","metodo":{"get":true},"ruta":"/favicon.ico","timestamp":"2023-02-17T08:34:46.103Z"}
{"err":"ruta inexistente","level":"warn","metodo":{"get":true},"ruta":"/favicon.ico","timestamp":"2023-02-17T08:34:53.323Z"}
{"err":"ruta inexistente","level":"warn","metodo":{"get":true},"ruta":"/favicon.ico","timestamp":"2023-02-17T08:35:00.899Z"}
{"err":"ruta inexistente","level":"warn","metodo":{"get":true},"ruta":"/favicon.ico","timestamp":"2023-02-17T08:35:08.589Z"}
{"err":"ruta inexistente","level":"warn","metodo":{"get":true},"ruta":"/favicon.ico","timestamp":"2023-02-17T08:35:16.088Z"}
{"err":"ruta inexistente","level":"warn","metodo":{"get":true},"ruta":"/favicon.ico","timestamp":"2023-02-17T08:35:19.466Z"}
{"err":"ruta inexistente","level":"warn","metodo":{"get":true},"ruta":"/favicon.ico","timestamp":"2023-02-17T08:35:26.908Z"}
{"err":"ruta inexistente","level":"warn","metodo":{"get":true},"ruta":"/favicon.ico","timestamp":"2023-02-17T08:35:34.743Z"}
{"err":"ruta inexistente","level":"warn","metodo":{"get":true},"ruta":"/favicon.ico","timestamp":"2023-02-17T08:35:41.761Z"}
{"err":"ruta inexistente","level":"warn","metodo":{"get":true},"ruta":"/favicon.ico","timestamp":"2023-02-17T08:35:49.251Z"}
{"err":"ruta inexistente","level":"warn","metodo":{"get":true},"ruta":"/favicon.ico","timestamp":"2023-02-17T08:35:57.131Z"}
{"err":"ruta inexistente","level":"warn","metodo":{"get":true},"ruta":"/favicon.ico","timestamp":"2023-02-17T08:36:05.108Z"}
{"err":"ruta inexistente","level":"warn","metodo":{"get":true},"ruta":"/favicon.ico","timestamp":"2023-02-17T08:36:11.932Z"}
{"err":"ruta inexistente","level":"warn","metodo":{"get":true},"ruta":"/favicon.ico","timestamp":"2023-02-17T08:36:18.521Z"}
{"err":"ruta inexistente","level":"warn","metodo":{"get":true},"ruta":"/favicon.ico","timestamp":"2023-02-17T08:36:25.492Z"}
{"err":"ruta inexistente","level":"warn","metodo":{"get":true},"ruta":"/favicon.ico","timestamp":"2023-02-17T08:36:32.865Z"}
{"err":"ruta inexistente","level":"warn","metodo":{"get":true},"ruta":"/favicon.ico","timestamp":"2023-02-17T08:36:41.087Z"}
{"err":"ruta inexistente","level":"warn","metodo":{"get":true},"ruta":"/favicon.ico","timestamp":"2023-02-17T08:36:48.107Z"}
{"err":"ruta inexistente","level":"warn","metodo":{"get":true},"ruta":"/favicon.ico","timestamp":"2023-02-17T08:36:55.444Z"}
{"err":"ruta inexistente","level":"warn","metodo":{"get":true},"ruta":"/favicon.ico","timestamp":"2023-02-17T08:37:02.872Z"}
{"err":"ruta inexistente","level":"warn","metodo":{"get":true},"ruta":"/favicon.ico","timestamp":"2023-02-17T08:37:10.503Z"}
{"err":"ruta inexistente","level":"warn","metodo":{"get":true},"ruta":"/favicon.ico","timestamp":"2023-02-17T08:37:18.456Z"}
{"err":"ruta inexistente","level":"warn","metodo":{"get":true},"ruta":"/favicon.ico","timestamp":"2023-02-17T08:37:25.595Z"}
{"err":"ruta inexistente","level":"warn","metodo":{"get":true},"ruta":"/favicon.ico","timestamp":"2023-02-17T08:37:33.918Z"}
{"err":"ruta inexistente","level":"warn","metodo":{"get":true},"ruta":"/favicon.ico","timestamp":"2023-02-17T08:37:41.052Z"}
{"err":"ruta inexistente","level":"warn","metodo":{"get":true},"ruta":"/favicon.ico","timestamp":"2023-02-17T08:37:49.074Z"}
{"err":"ruta inexistente","level":"warn","metodo":{"get":true},"ruta":"/favicon.ico","timestamp":"2023-02-17T08:37:56.513Z"}
{"err":"ruta inexistente","level":"warn","metodo":{"get":true},"ruta":"/favicon.ico","timestamp":"2023-02-17T08:38:04.213Z"}
{"err":"ruta inexistente","level":"warn","metodo":{"get":true},"ruta":"/favicon.ico","timestamp":"2023-02-17T08:38:11.984Z"}
{"err":"ruta inexistente","level":"warn","metodo":{"get":true},"ruta":"/favicon.ico","timestamp":"2023-02-17T08:38:19.487Z"}
{"err":"ruta inexistente","level":"warn","metodo":{"get":true},"ruta":"/favicon.ico","timestamp":"2023-02-17T08:38:26.510Z"}
{"err":"ruta inexistente","level":"warn","metodo":{"get":true},"ruta":"/favicon.ico","timestamp":"2023-02-17T08:38:34.539Z"}
{"err":"ruta inexistente","level":"warn","metodo":{"get":true},"ruta":"/favicon.ico","timestamp":"2023-02-17T08:38:41.890Z"}
{"err":"ruta inexistente","level":"warn","metodo":{"get":true},"ruta":"/favicon.ico","timestamp":"2023-02-17T08:38:49.331Z"}
{"err":"ruta inexistente","level":"warn","metodo":{"get":true},"ruta":"/favicon.ico","timestamp":"2023-02-17T08:38:56.656Z"}
{"err":"ruta inexistente","level":"warn","metodo":{"get":true},"ruta":"/favicon.ico","timestamp":"2023-02-17T08:39:04.410Z"}
{"err":"ruta inexistente","level":"warn","metodo":{"get":true},"ruta":"/favicon.ico","timestamp":"2023-02-17T08:39:12.118Z"}
{"err":"ruta inexistente","level":"warn","metodo":{"get":true},"ruta":"/favicon.ico","timestamp":"2023-02-17T08:39:19.664Z"}
{"err":"ruta inexistente","level":"warn","metodo":{"get":true},"ruta":"/favicon.ico","timestamp":"2023-02-17T08:39:27.277Z"}
{"err":"ruta inexistente","level":"warn","metodo":{"get":true},"ruta":"/favicon.ico","timestamp":"2023-02-17T08:39:34.713Z"}
{"err":"ruta inexistente","level":"warn","metodo":{"get":true},"ruta":"/favicon.ico","timestamp":"2023-02-17T08:39:42.623Z"}
{"err":"ruta inexistente","level":"warn","metodo":{"get":true},"ruta":"/favicon.ico","timestamp":"2023-02-17T08:39:49.871Z"}
{"err":"ruta inexistente","level":"warn","metodo":{"get":true},"ruta":"/favicon.ico","timestamp":"2023-02-17T08:39:57.688Z"}
{"err":"ruta inexistente","level":"warn","metodo":{"get":true},"ruta":"/favicon.ico","timestamp":"2023-02-17T08:40:05.230Z"}
{"err":"ruta inexistente","level":"warn","metodo":{"get":true},"ruta":"/favicon.ico","timestamp":"2023-02-17T08:40:13.112Z"}
{"err":"ruta inexistente","level":"warn","metodo":{"get":true},"ruta":"/favicon.ico","timestamp":"2023-02-17T08:40:20.381Z"}
{"err":"ruta inexistente","level":"warn","metodo":{"get":true},"ruta":"/favicon.ico","timestamp":"2023-02-17T08:40:27.989Z"}
{"err":"ruta inexistente","level":"warn","metodo":{"get":true},"ruta":"/favicon.ico","timestamp":"2023-02-17T08:40:35.350Z"}
{"err":"ruta inexistente","level":"warn","metodo":{"get":true},"ruta":"/favicon.ico","timestamp":"2023-02-17T08:40:43.012Z"}
{"err":"ruta inexistente","level":"warn","metodo":{"get":true},"ruta":"/favicon.ico","timestamp":"2023-02-17T08:40:50.601Z"}
{"err":"ruta inexistente","level":"warn","metodo":{"get":true},"ruta":"/favicon.ico","timestamp":"2023-02-17T08:40:58.170Z"}
{"err":"ruta inexistente","level":"warn","metodo":{"get":true},"ruta":"/favicon.ico","timestamp":"2023-02-17T08:41:02.363Z"}
{"err":"ruta inexistente","level":"warn","metodo":{"get":true},"ruta":"/favicon.ico","timestamp":"2023-02-17T08:41:09.468Z"}
{"err":"ruta inexistente","level":"warn","metodo":{"get":true},"ruta":"/favicon.ico","timestamp":"2023-02-17T08:41:16.738Z"}
{"err":"ruta inexistente","level":"warn","metodo":{"get":true},"ruta":"/favicon.ico","timestamp":"2023-02-17T08:41:24.108Z"}
{"err":"ruta inexistente","level":"warn","metodo":{"get":true},"ruta":"/favicon.ico","timestamp":"2023-02-17T08:41:26.361Z"}
{"err":"ruta inexistente","level":"warn","metodo":{"get":true},"ruta":"/favicon.ico","timestamp":"2023-02-17T08:41:28.616Z"}
{"err":"ruta inexistente","level":"warn","metodo":{"get":true},"ruta":"/favicon.ico","timestamp":"2023-02-17T08:41:30.559Z"}
{"err":"ruta inexistente","level":"warn","metodo":{"get":true},"ruta":"/favicon.ico","timestamp":"2023-02-17T08:41:37.829Z"}
{"err":"ruta inexistente","level":"warn","metodo":{"get":true},"ruta":"/favicon.ico","timestamp":"2023-02-17T08:41:45.202Z"}
{"err":"ruta inexistente","level":"warn","metodo":{"get":true},"ruta":"/favicon.ico","timestamp":"2023-02-17T08:41:50.557Z"}
{"err":"ruta inexistente","level":"warn","metodo":{"get":true},"ruta":"/favicon.ico","timestamp":"2023-02-17T08:41:51.756Z"}
{"err":"ruta inexistente","level":"warn","metodo":{"get":true},"ruta":"/favicon.ico","timestamp":"2023-02-17T08:41:59.300Z"}
{"err":"ruta inexistente","level":"warn","metodo":{"get":true},"ruta":"/favicon.ico","timestamp":"2023-02-17T08:42:06.809Z"}
{"err":"ruta inexistente","level":"warn","metodo":{"get":true},"ruta":"/favicon.ico","timestamp":"2023-02-17T08:42:14.048Z"}
{"err":"ruta inexistente","level":"warn","metodo":{"get":true},"ruta":"/favicon.ico","timestamp":"2023-02-17T08:42:21.778Z"}
{"err":"ruta inexistente","level":"warn","metodo":{"get":true},"ruta":"/favicon.ico","timestamp":"2023-02-17T08:42:29.010Z"}
{"err":"ruta inexistente","level":"warn","metodo":{"get":true},"ruta":"/favicon.ico","timestamp":"2023-02-17T08:42:36.716Z"}
{"err":"ruta inexistente","level":"warn","metodo":{"get":true},"ruta":"/favicon.ico","timestamp":"2023-02-17T08:42:44.178Z"}
{"err":"ruta inexistente","level":"warn","metodo":{"get":true},"ruta":"/favicon.ico","timestamp":"2023-02-17T08:42:51.734Z"}
{"err":"ruta inexistente","level":"warn","metodo":{"get":true},"ruta":"/favicon.ico","timestamp":"2023-02-17T08:42:59.347Z"}
{"err":"ruta inexistente","level":"warn","metodo":{"get":true},"ruta":"/favicon.ico","timestamp":"2023-02-17T08:43:06.925Z"}
{"err":"ruta inexistente","level":"warn","metodo":{"get":true},"ruta":"/favicon.ico","timestamp":"2023-02-17T08:43:14.830Z"}
{"err":"ruta inexistente","level":"warn","metodo":{"get":true},"ruta":"/favicon.ico","timestamp":"2023-02-17T08:43:22.079Z"}
{"err":"ruta inexistente","level":"warn","metodo":{"get":true},"ruta":"/favicon.ico","timestamp":"2023-02-17T08:43:29.351Z"}
{"err":"ruta inexistente","level":"warn","metodo":{"get":true},"ruta":"/favicon.ico","timestamp":"2023-02-17T08:43:36.689Z"}
{"err":"ruta inexistente","level":"warn","metodo":{"get":true},"ruta":"/favicon.ico","timestamp":"2023-02-17T08:43:44.565Z"}
{"err":"ruta inexistente","level":"warn","metodo":{"get":true},"ruta":"/favicon.ico","timestamp":"2023-02-17T08:43:52.149Z"}
{"err":"ruta inexistente","level":"warn","metodo":{"get":true},"ruta":"/favicon.ico","timestamp":"2023-02-17T08:44:00.520Z"}
{"err":"ruta inexistente","level":"warn","metodo":{"get":true},"ruta":"/favicon.ico","timestamp":"2023-02-17T08:44:07.516Z"}
{"err":"ruta inexistente","level":"warn","metodo":{"get":true},"ruta":"/favicon.ico","timestamp":"2023-02-17T08:44:15.153Z"}
{"err":"ruta inexistente","level":"warn","metodo":{"get":true},"ruta":"/favicon.ico","timestamp":"2023-02-17T08:44:22.699Z"}
{"err":"ruta inexistente","level":"warn","metodo":{"get":true},"ruta":"/favicon.ico","timestamp":"2023-02-17T08:44:45.331Z"}
{"err":"ruta inexistente","level":"warn","metodo":{"get":true},"ruta":"/favicon.ico","timestamp":"2023-02-17T08:44:54.212Z"}
{"err":"ruta inexistente","level":"warn","metodo":{"get":true},"ruta":"/favicon.ico","timestamp":"2023-02-17T08:45:24.754Z"}
{"err":"ruta inexistente","level":"warn","metodo":{"get":true},"ruta":"/favicon.ico","timestamp":"2023-02-17T08:45:26.188Z"}
{"err":"ruta inexistente","level":"warn","metodo":{"get":true},"ruta":"/favicon.ico","timestamp":"2023-02-17T08:45:33.661Z"}
{"err":"ruta inexistente","level":"warn","metodo":{"get":true},"ruta":"/favicon.ico","timestamp":"2023-02-17T08:45:40.931Z"}
{"err":"ruta inexistente","level":"warn","metodo":{"get":true},"ruta":"/favicon.ico","timestamp":"2023-02-17T08:45:48.406Z"}
{"err":"ruta inexistente","level":"warn","metodo":{"get":true},"ruta":"/favicon.ico","timestamp":"2023-02-17T08:45:55.574Z"}
{"err":"ruta inexistente","level":"warn","metodo":{"get":true},"ruta":"/favicon.ico","timestamp":"2023-02-17T08:45:57.622Z"}
{"err":"ruta inexistente","level":"warn","metodo":{"get":true},"ruta":"/favicon.ico","timestamp":"2023-02-17T08:46:26.613Z"}
{"err":"ruta inexistente","level":"warn","metodo":{"get":true},"ruta":"/favicon.ico","timestamp":"2023-02-17T08:46:30.814Z"}
{"err":"ruta inexistente","level":"warn","metodo":{"get":true},"ruta":"/favicon.ico","timestamp":"2023-02-17T08:46:33.056Z"}
{"err":"ruta inexistente","level":"warn","metodo":{"get":true},"ruta":"/favicon.ico","timestamp":"2023-02-17T08:46:53.025Z"}
{"err":"ruta inexistente","level":"warn","metodo":{"get":true},"ruta":"/favicon.ico","timestamp":"2023-02-17T08:46:57.632Z"}
{"err":"ruta inexistente","level":"warn","metodo":{"get":true},"ruta":"/favicon.ico","timestamp":"2023-02-17T08:47:01.833Z"}
{"err":"ruta inexistente","level":"warn","metodo":{"get":true},"ruta":"/favicon.ico","timestamp":"2023-02-17T08:47:17.702Z"}
{"err":"ruta inexistente","level":"warn","metodo":{"get":true},"ruta":"/favicon.ico","timestamp":"2023-02-17T08:48:07.367Z"}
{"err":"ruta inexistente","level":"warn","metodo":{"get":true},"ruta":"/favicon.ico","timestamp":"2023-02-17T08:49:30.923Z"}
{"err":"ruta inexistente","level":"warn","metodo":{"get":true},"ruta":"/favicon.ico","timestamp":"2023-02-17T08:50:57.349Z"}
{"err":"ruta inexistente","level":"warn","metodo":{"get":true},"ruta":"/favicon.ico","timestamp":"2023-02-17T08:51:09.125Z"}
{"err":"ruta inexistente","level":"warn","metodo":{"get":true},"ruta":"/favicon.ico","timestamp":"2023-02-17T08:51:18.342Z"}
{"err":"ruta inexistente","level":"warn","metodo":{"get":true},"ruta":"/favicon.ico","timestamp":"2023-02-17T08:51:39.436Z"}
{"err":"ruta inexistente","level":"warn","metodo":{"get":true},"ruta":"/favicon.ico","timestamp":"2023-02-17T08:51:58.661Z"}
{"err":"ruta inexistente","level":"warn","metodo":{"get":true},"ruta":"/favicon.ico","timestamp":"2023-02-17T08:55:18.936Z"}
{"err":"ruta inexistente","level":"warn","metodo":{"get":true},"ruta":"/favicon.ico","timestamp":"2023-02-17T09:01:37.814Z"}
{"err":"ruta inexistente","level":"warn","metodo":{"get":true},"ruta":"/favicon.ico","timestamp":"2023-02-17T09:01:40.015Z"}
{"err":"ruta inexistente","level":"warn","metodo":{"get":true},"ruta":"/favicon.ico","timestamp":"2023-02-17T09:02:08.276Z"}
{"err":"ruta inexistente","level":"warn","metodo":{"get":true},"ruta":"/favicon.ico","timestamp":"2023-02-17T09:02:10.847Z"}
{"err":"ruta inexistente","level":"warn","metodo":{"get":true},"ruta":"/favicon.ico","timestamp":"2023-02-17T09:02:13.074Z"}
{"err":"ruta inexistente","level":"warn","metodo":{"get":true},"ruta":"/api/estilos.css","timestamp":"2023-02-17T09:02:14.435Z"}
{"err":"ruta inexistente","level":"warn","metodo":{"get":true},"ruta":"/api/main.js","timestamp":"2023-02-17T09:02:14.457Z"}
{"err":"ruta inexistente","level":"warn","metodo":{"get":true},"ruta":"/favicon.ico","timestamp":"2023-02-17T09:02:27.767Z"}
{"err":"ruta inexistente","level":"warn","metodo":{"get":true},"ruta":"/favicon.ico","timestamp":"2023-02-17T09:02:31.832Z"}
{"err":"ruta inexistente","level":"warn","metodo":{"get":true},"ruta":"/favicon.ico","timestamp":"2023-02-17T09:02:32.992Z"}
{"err":"ruta inexistente","level":"warn","metodo":{"get":true},"ruta":"/api/estilos.css","timestamp":"2023-02-17T09:02:34.356Z"}
{"err":"ruta inexistente","level":"warn","metodo":{"get":true},"ruta":"/api/main.js","timestamp":"2023-02-17T09:02:34.751Z"}
{"err":"ruta inexistente","level":"warn","metodo":{"get":true},"ruta":"/favicon.ico","timestamp":"2023-02-17T09:03:29.144Z"}
{"err":"ruta inexistente","level":"warn","metodo":{"get":true},"ruta":"/api/estilos.css","timestamp":"2023-02-17T09:03:29.724Z"}
{"err":"ruta inexistente","level":"warn","metodo":{"get":true},"ruta":"/api/main.js","timestamp":"2023-02-17T09:03:29.770Z"}
{"err":"ruta inexistente","level":"warn","metodo":{"get":true},"ruta":"/api/estilos.css","timestamp":"2023-02-17T09:04:05.466Z"}
{"err":"ruta inexistente","level":"warn","metodo":{"get":true},"ruta":"/api/main.js","timestamp":"2023-02-17T09:04:05.467Z"}
{"err":"ruta inexistente","level":"warn","metodo":{"get":true},"ruta":"/favicon.ico","timestamp":"2023-02-17T09:04:25.542Z"}
{"err":"ruta inexistente","level":"warn","metodo":{"get":true},"ruta":"/favicon.ico","timestamp":"2023-02-17T09:04:25.908Z"}
{"err":"ruta inexistente","level":"warn","metodo":{"get":true},"ruta":"/favicon.ico","timestamp":"2023-02-17T09:04:42.494Z"}
{"err":"ruta inexistente","level":"warn","metodo":{"get":true},"ruta":"/favicon.ico","timestamp":"2023-02-17T09:04:57.856Z"}
{"err":"ruta inexistente","level":"warn","metodo":{"get":true},"ruta":"/api/estilos.css","timestamp":"2023-02-17T09:05:02.019Z"}
{"err":"ruta inexistente","level":"warn","metodo":{"get":true},"ruta":"/api/main.js","timestamp":"2023-02-17T09:05:02.456Z"}
{"err":"ruta inexistente","level":"warn","metodo":{"get":true},"ruta":"/api/estilos.css","timestamp":"2023-02-17T09:05:34.328Z"}
{"err":"ruta inexistente","level":"warn","metodo":{"get":true},"ruta":"/api/main.js","timestamp":"2023-02-17T09:05:34.702Z"}
{"err":"ruta inexistente","level":"warn","metodo":{"get":true},"ruta":"/favicon.ico","timestamp":"2023-02-17T09:05:39.154Z"}
{"err":"ruta inexistente","level":"warn","metodo":{"get":true},"ruta":"/api/main.js","timestamp":"2023-02-17T09:05:41.457Z"}
{"err":"ruta inexistente","level":"warn","metodo":{"get":true},"ruta":"/api/estilos.css","timestamp":"2023-02-17T09:05:41.459Z"}
{"err":"ruta inexistente","level":"warn","metodo":{"get":true},"ruta":"/api/estilos.css","timestamp":"2023-02-17T09:06:37.420Z"}
{"err":"ruta inexistente","level":"warn","metodo":{"get":true},"ruta":"/favicon.ico","timestamp":"2023-02-17T09:06:38.833Z"}
{"err":"ruta inexistente","level":"warn","metodo":{"get":true},"ruta":"/favicon.ico","timestamp":"2023-02-17T09:06:43.884Z"}
{"err":"ruta inexistente","level":"warn","metodo":{"get":true},"ruta":"/favicon.ico","timestamp":"2023-02-17T09:11:09.844Z"}
